compile-all.py
BEGIN !
libname --> "C:/Python27/Lib/site-packages/paramiko-1.10.1-py2.7.egg/paramiko" ...
__libname__ --> "C:/Python27/Lib/site-packages/paramiko-1.10.1-py2.7.egg/paramiko" ...
fp --> "C:/Python27/Lib/site-packages/paramiko-1.10.1-py2.7.egg/paramiko" ...
_bias --> "C:/Python27/Lib/site-packages/paramiko-1.10.1-py2.7.egg" ...
_bias_name --> "paramiko" ...
_is_target_folder_valid --> "True" ...
Listing C:/Python27/Lib/site-packages/paramiko-1.10.1-py2.7.egg/paramiko ...
Compiling C:/Python27/Lib/site-packages/paramiko-1.10.1-py2.7.egg/paramiko\__init__.py ...
Compiling C:/Python27/Lib/site-packages/paramiko-1.10.1-py2.7.egg/paramiko\agent.py ...
Compiling C:/Python27/Lib/site-packages/paramiko-1.10.1-py2.7.egg/paramiko\auth_handler.py ...
Compiling C:/Python27/Lib/site-packages/paramiko-1.10.1-py2.7.egg/paramiko\ber.py ...
Compiling C:/Python27/Lib/site-packages/paramiko-1.10.1-py2.7.egg/paramiko\buffered_pipe.py ...
Compiling C:/Python27/Lib/site-packages/paramiko-1.10.1-py2.7.egg/paramiko\channel.py ...
Compiling C:/Python27/Lib/site-packages/paramiko-1.10.1-py2.7.egg/paramiko\client.py ...
Compiling C:/Python27/Lib/site-packages/paramiko-1.10.1-py2.7.egg/paramiko\common.py ...
Compiling C:/Python27/Lib/site-packages/paramiko-1.10.1-py2.7.egg/paramiko\compress.py ...
Compiling C:/Python27/Lib/site-packages/paramiko-1.10.1-py2.7.egg/paramiko\config.py ...
Compiling C:/Python27/Lib/site-packages/paramiko-1.10.1-py2.7.egg/paramiko\dsskey.py ...
Compiling C:/Python27/Lib/site-packages/paramiko-1.10.1-py2.7.egg/paramiko\file.py ...
Compiling C:/Python27/Lib/site-packages/paramiko-1.10.1-py2.7.egg/paramiko\hostkeys.py ...
Compiling C:/Python27/Lib/site-packages/paramiko-1.10.1-py2.7.egg/paramiko\kex_gex.py ...
Compiling C:/Python27/Lib/site-packages/paramiko-1.10.1-py2.7.egg/paramiko\kex_group1.py ...
Compiling C:/Python27/Lib/site-packages/paramiko-1.10.1-py2.7.egg/paramiko\logging22.py ...
Compiling C:/Python27/Lib/site-packages/paramiko-1.10.1-py2.7.egg/paramiko\message.py ...
Compiling C:/Python27/Lib/site-packages/paramiko-1.10.1-py2.7.egg/paramiko\packet.py ...
Compiling C:/Python27/Lib/site-packages/paramiko-1.10.1-py2.7.egg/paramiko\pipe.py ...
Compiling C:/Python27/Lib/site-packages/paramiko-1.10.1-py2.7.egg/paramiko\pkey.py ...
Compiling C:/Python27/Lib/site-packages/paramiko-1.10.1-py2.7.egg/paramiko\primes.py ...
Compiling C:/Python27/Lib/site-packages/paramiko-1.10.1-py2.7.egg/paramiko\proxy.py ...
Compiling C:/Python27/Lib/site-packages/paramiko-1.10.1-py2.7.egg/paramiko\resource.py ...
Compiling C:/Python27/Lib/site-packages/paramiko-1.10.1-py2.7.egg/paramiko\rsakey.py ...
Compiling C:/Python27/Lib/site-packages/paramiko-1.10.1-py2.7.egg/paramiko\server.py ...
Compiling C:/Python27/Lib/site-packages/paramiko-1.10.1-py2.7.egg/paramiko\sftp.py ...
Compiling C:/Python27/Lib/site-packages/paramiko-1.10.1-py2.7.egg/paramiko\sftp_attr.py ...
Compiling C:/Python27/Lib/site-packages/paramiko-1.10.1-py2.7.egg/paramiko\sftp_client.py ...
Compiling C:/Python27/Lib/site-packages/paramiko-1.10.1-py2.7.egg/paramiko\sftp_file.py ...
Compiling C:/Python27/Lib/site-packages/paramiko-1.10.1-py2.7.egg/paramiko\sftp_handle.py ...
Compiling C:/Python27/Lib/site-packages/paramiko-1.10.1-py2.7.egg/paramiko\sftp_server.py ...
Compiling C:/Python27/Lib/site-packages/paramiko-1.10.1-py2.7.egg/paramiko\sftp_si.py ...
Compiling C:/Python27/Lib/site-packages/paramiko-1.10.1-py2.7.egg/paramiko\ssh_exception.py ...
Compiling C:/Python27/Lib/site-packages/paramiko-1.10.1-py2.7.egg/paramiko\transport.py ...
Compiling C:/Python27/Lib/site-packages/paramiko-1.10.1-py2.7.egg/paramiko\util.py ...
Compiling C:/Python27/Lib/site-packages/paramiko-1.10.1-py2.7.egg/paramiko\win_pageant.py ...
Collecting .pyc files... Removing .pyc files...
C:\Python27\Lib\site-packages\paramiko-1.10.1-py2.7.egg\paramiko\agent.pyc
C:\Python27\Lib\site-packages\paramiko-1.10.1-py2.7.egg\paramiko\auth_handler.pyc
C:\Python27\Lib\site-packages\paramiko-1.10.1-py2.7.egg\paramiko\ber.pyc
C:\Python27\Lib\site-packages\paramiko-1.10.1-py2.7.egg\paramiko\buffered_pipe.pyc
C:\Python27\Lib\site-packages\paramiko-1.10.1-py2.7.egg\paramiko\channel.pyc
C:\Python27\Lib\site-packages\paramiko-1.10.1-py2.7.egg\paramiko\client.pyc
C:\Python27\Lib\site-packages\paramiko-1.10.1-py2.7.egg\paramiko\common.pyc
C:\Python27\Lib\site-packages\paramiko-1.10.1-py2.7.egg\paramiko\compress.pyc
C:\Python27\Lib\site-packages\paramiko-1.10.1-py2.7.egg\paramiko\config.pyc
C:\Python27\Lib\site-packages\paramiko-1.10.1-py2.7.egg\paramiko\dsskey.pyc
C:\Python27\Lib\site-packages\paramiko-1.10.1-py2.7.egg\paramiko\file.pyc
C:\Python27\Lib\site-packages\paramiko-1.10.1-py2.7.egg\paramiko\hostkeys.pyc
C:\Python27\Lib\site-packages\paramiko-1.10.1-py2.7.egg\paramiko\kex_gex.pyc
C:\Python27\Lib\site-packages\paramiko-1.10.1-py2.7.egg\paramiko\kex_group1.pyc
C:\Python27\Lib\site-packages\paramiko-1.10.1-py2.7.egg\paramiko\logging22.pyc
C:\Python27\Lib\site-packages\paramiko-1.10.1-py2.7.egg\paramiko\message.pyc
C:\Python27\Lib\site-packages\paramiko-1.10.1-py2.7.egg\paramiko\packet.pyc
C:\Python27\Lib\site-packages\paramiko-1.10.1-py2.7.egg\paramiko\pipe.pyc
C:\Python27\Lib\site-packages\paramiko-1.10.1-py2.7.egg\paramiko\pkey.pyc
C:\Python27\Lib\site-packages\paramiko-1.10.1-py2.7.egg\paramiko\primes.pyc
C:\Python27\Lib\site-packages\paramiko-1.10.1-py2.7.egg\paramiko\proxy.pyc
C:\Python27\Lib\site-packages\paramiko-1.10.1-py2.7.egg\paramiko\resource.pyc
C:\Python27\Lib\site-packages\paramiko-1.10.1-py2.7.egg\paramiko\rsakey.pyc
C:\Python27\Lib\site-packages\paramiko-1.10.1-py2.7.egg\paramiko\server.pyc
C:\Python27\Lib\site-packages\paramiko-1.10.1-py2.7.egg\paramiko\sftp.pyc
C:\Python27\Lib\site-packages\paramiko-1.10.1-py2.7.egg\paramiko\sftp_attr.pyc
C:\Python27\Lib\site-packages\paramiko-1.10.1-py2.7.egg\paramiko\sftp_client.pyc
C:\Python27\Lib\site-packages\paramiko-1.10.1-py2.7.egg\paramiko\sftp_file.pyc
C:\Python27\Lib\site-packages\paramiko-1.10.1-py2.7.egg\paramiko\sftp_handle.pyc
C:\Python27\Lib\site-packages\paramiko-1.10.1-py2.7.egg\paramiko\sftp_server.pyc
C:\Python27\Lib\site-packages\paramiko-1.10.1-py2.7.egg\paramiko\sftp_si.pyc
C:\Python27\Lib\site-packages\paramiko-1.10.1-py2.7.egg\paramiko\ssh_exception.pyc
C:\Python27\Lib\site-packages\paramiko-1.10.1-py2.7.egg\paramiko\transport.pyc
C:\Python27\Lib\site-packages\paramiko-1.10.1-py2.7.egg\paramiko\util.pyc
C:\Python27\Lib\site-packages\paramiko-1.10.1-py2.7.egg\paramiko\win_pageant.pyc
C:\Python27\Lib\site-packages\paramiko-1.10.1-py2.7.egg\paramiko\__init__.pyc Removing "C:\Python27\Lib\site-packages\paramiko-1.10.1-py2.7.egg\paramiko\agent.pyc".
Removing "C:\Python27\Lib\site-packages\paramiko-1.10.1-py2.7.egg\paramiko\auth_handler.pyc".
Removing "C:\Python27\Lib\site-packages\paramiko-1.10.1-py2.7.egg\paramiko\ber.pyc".
Removing "C:\Python27\Lib\site-packages\paramiko-1.10.1-py2.7.egg\paramiko\buffered_pipe.pyc".
Removing "C:\Python27\Lib\site-packages\paramiko-1.10.1-py2.7.egg\paramiko\channel.pyc".
Removing "C:\Python27\Lib\site-packages\paramiko-1.10.1-py2.7.egg\paramiko\client.pyc".
Removing "C:\Python27\Lib\site-packages\paramiko-1.10.1-py2.7.egg\paramiko\common.pyc".
Removing "C:\Python27\Lib\site-packages\paramiko-1.10.1-py2.7.egg\paramiko\compress.pyc".
Removing "C:\Python27\Lib\site-packages\paramiko-1.10.1-py2.7.egg\paramiko\config.pyc".
Removing "C:\Python27\Lib\site-packages\paramiko-1.10.1-py2.7.egg\paramiko\dsskey.pyc".
Removing "C:\Python27\Lib\site-packages\paramiko-1.10.1-py2.7.egg\paramiko\file.pyc".
Removing "C:\Python27\Lib\site-packages\paramiko-1.10.1-py2.7.egg\paramiko\hostkeys.pyc".
Removing "C:\Python27\Lib\site-packages\paramiko-1.10.1-py2.7.egg\paramiko\kex_gex.pyc".
Removing "C:\Python27\Lib\site-packages\paramiko-1.10.1-py2.7.egg\paramiko\kex_group1.pyc".
Removing "C:\Python27\Lib\site-packages\paramiko-1.10.1-py2.7.egg\paramiko\logging22.pyc".
Removing "C:\Python27\Lib\site-packages\paramiko-1.10.1-py2.7.egg\paramiko\message.pyc".
Removing "C:\Python27\Lib\site-packages\paramiko-1.10.1-py2.7.egg\paramiko\packet.pyc".
Removing "C:\Python27\Lib\site-packages\paramiko-1.10.1-py2.7.egg\paramiko\pipe.pyc".
Removing "C:\Python27\Lib\site-packages\paramiko-1.10.1-py2.7.egg\paramiko\pkey.pyc".
Removing "C:\Python27\Lib\site-packages\paramiko-1.10.1-py2.7.egg\paramiko\primes.pyc".
Removing "C:\Python27\Lib\site-packages\paramiko-1.10.1-py2.7.egg\paramiko\proxy.pyc".
Removing "C:\Python27\Lib\site-packages\paramiko-1.10.1-py2.7.egg\paramiko\resource.pyc".
Removing "C:\Python27\Lib\site-packages\paramiko-1.10.1-py2.7.egg\paramiko\rsakey.pyc".
Removing "C:\Python27\Lib\site-packages\paramiko-1.10.1-py2.7.egg\paramiko\server.pyc".
Removing "C:\Python27\Lib\site-packages\paramiko-1.10.1-py2.7.egg\paramiko\sftp.pyc".
Removing "C:\Python27\Lib\site-packages\paramiko-1.10.1-py2.7.egg\paramiko\sftp_attr.pyc".
Removing "C:\Python27\Lib\site-packages\paramiko-1.10.1-py2.7.egg\paramiko\sftp_client.pyc".
Removing "C:\Python27\Lib\site-packages\paramiko-1.10.1-py2.7.egg\paramiko\sftp_file.pyc".
Removing "C:\Python27\Lib\site-packages\paramiko-1.10.1-py2.7.egg\paramiko\sftp_handle.pyc".
Removing "C:\Python27\Lib\site-packages\paramiko-1.10.1-py2.7.egg\paramiko\sftp_server.pyc".
Removing "C:\Python27\Lib\site-packages\paramiko-1.10.1-py2.7.egg\paramiko\sftp_si.pyc".
Removing "C:\Python27\Lib\site-packages\paramiko-1.10.1-py2.7.egg\paramiko\ssh_exception.pyc".
Removing "C:\Python27\Lib\site-packages\paramiko-1.10.1-py2.7.egg\paramiko\transport.pyc".
Removing "C:\Python27\Lib\site-packages\paramiko-1.10.1-py2.7.egg\paramiko\util.pyc".
Removing "C:\Python27\Lib\site-packages\paramiko-1.10.1-py2.7.egg\paramiko\win_pageant.pyc".
Removing "C:\Python27\Lib\site-packages\paramiko-1.10.1-py2.7.egg\paramiko\__init__.pyc".
Done !
Collecting .pyo files... Renaming .pyo --> .pyc ...
C:\Python27\Lib\site-packages\paramiko-1.10.1-py2.7.egg\paramiko\agent.pyo
C:\Python27\Lib\site-packages\paramiko-1.10.1-py2.7.egg\paramiko\auth_handler.pyo
C:\Python27\Lib\site-packages\paramiko-1.10.1-py2.7.egg\paramiko\ber.pyo
C:\Python27\Lib\site-packages\paramiko-1.10.1-py2.7.egg\paramiko\buffered_pipe.pyo
C:\Python27\Lib\site-packages\paramiko-1.10.1-py2.7.egg\paramiko\channel.pyo
C:\Python27\Lib\site-packages\paramiko-1.10.1-py2.7.egg\paramiko\client.pyo
C:\Python27\Lib\site-packages\paramiko-1.10.1-py2.7.egg\paramiko\common.pyo
C:\Python27\Lib\site-packages\paramiko-1.10.1-py2.7.egg\paramiko\compress.pyo
C:\Python27\Lib\site-packages\paramiko-1.10.1-py2.7.egg\paramiko\config.pyo
C:\Python27\Lib\site-packages\paramiko-1.10.1-py2.7.egg\paramiko\dsskey.pyo
C:\Python27\Lib\site-packages\paramiko-1.10.1-py2.7.egg\paramiko\file.pyo
C:\Python27\Lib\site-packages\paramiko-1.10.1-py2.7.egg\paramiko\hostkeys.pyo
C:\Python27\Lib\site-packages\paramiko-1.10.1-py2.7.egg\paramiko\kex_gex.pyo
C:\Python27\Lib\site-packages\paramiko-1.10.1-py2.7.egg\paramiko\kex_group1.pyo
C:\Python27\Lib\site-packages\paramiko-1.10.1-py2.7.egg\paramiko\logging22.pyo
C:\Python27\Lib\site-packages\paramiko-1.10.1-py2.7.egg\paramiko\message.pyo
C:\Python27\Lib\site-packages\paramiko-1.10.1-py2.7.egg\paramiko\packet.pyo
C:\Python27\Lib\site-packages\paramiko-1.10.1-py2.7.egg\paramiko\pipe.pyo
C:\Python27\Lib\site-packages\paramiko-1.10.1-py2.7.egg\paramiko\pkey.pyo
C:\Python27\Lib\site-packages\paramiko-1.10.1-py2.7.egg\paramiko\primes.pyo
C:\Python27\Lib\site-packages\paramiko-1.10.1-py2.7.egg\paramiko\proxy.pyo
C:\Python27\Lib\site-packages\paramiko-1.10.1-py2.7.egg\paramiko\resource.pyo
C:\Python27\Lib\site-packages\paramiko-1.10.1-py2.7.egg\paramiko\rsakey.pyo
C:\Python27\Lib\site-packages\paramiko-1.10.1-py2.7.egg\paramiko\server.pyo
C:\Python27\Lib\site-packages\paramiko-1.10.1-py2.7.egg\paramiko\sftp.pyo
C:\Python27\Lib\site-packages\paramiko-1.10.1-py2.7.egg\paramiko\sftp_attr.pyo
C:\Python27\Lib\site-packages\paramiko-1.10.1-py2.7.egg\paramiko\sftp_client.pyo
C:\Python27\Lib\site-packages\paramiko-1.10.1-py2.7.egg\paramiko\sftp_file.pyo
C:\Python27\Lib\site-packages\paramiko-1.10.1-py2.7.egg\paramiko\sftp_handle.pyo
C:\Python27\Lib\site-packages\paramiko-1.10.1-py2.7.egg\paramiko\sftp_server.pyo
C:\Python27\Lib\site-packages\paramiko-1.10.1-py2.7.egg\paramiko\sftp_si.pyo
C:\Python27\Lib\site-packages\paramiko-1.10.1-py2.7.egg\paramiko\ssh_exception.pyo
C:\Python27\Lib\site-packages\paramiko-1.10.1-py2.7.egg\paramiko\transport.pyo
C:\Python27\Lib\site-packages\paramiko-1.10.1-py2.7.egg\paramiko\util.pyo
C:\Python27\Lib\site-packages\paramiko-1.10.1-py2.7.egg\paramiko\win_pageant.pyo
C:\Python27\Lib\site-packages\paramiko-1.10.1-py2.7.egg\paramiko\__init__.pyo Rrenaming "C:\Python27\Lib\site-packages\paramiko-1.10.1-py2.7.egg\paramiko\agent.pyo" --> "C:\Python27\Lib\site-packages\paramiko-1.10.1-py2.7.egg\paramiko\agent.pyc".
Rrenaming "C:\Python27\Lib\site-packages\paramiko-1.10.1-py2.7.egg\paramiko\auth_handler.pyo" --> "C:\Python27\Lib\site-packages\paramiko-1.10.1-py2.7.egg\paramiko\auth_handler.pyc".
Rrenaming "C:\Python27\Lib\site-packages\paramiko-1.10.1-py2.7.egg\paramiko\ber.pyo" --> "C:\Python27\Lib\site-packages\paramiko-1.10.1-py2.7.egg\paramiko\ber.pyc".
Rrenaming "C:\Python27\Lib\site-packages\paramiko-1.10.1-py2.7.egg\paramiko\buffered_pipe.pyo" --> "C:\Python27\Lib\site-packages\paramiko-1.10.1-py2.7.egg\paramiko\buffered_pipe.pyc".
Rrenaming "C:\Python27\Lib\site-packages\paramiko-1.10.1-py2.7.egg\paramiko\channel.pyo" --> "C:\Python27\Lib\site-packages\paramiko-1.10.1-py2.7.egg\paramiko\channel.pyc".
Rrenaming "C:\Python27\Lib\site-packages\paramiko-1.10.1-py2.7.egg\paramiko\client.pyo" --> "C:\Python27\Lib\site-packages\paramiko-1.10.1-py2.7.egg\paramiko\client.pyc".
Rrenaming "C:\Python27\Lib\site-packages\paramiko-1.10.1-py2.7.egg\paramiko\common.pyo" --> "C:\Python27\Lib\site-packages\paramiko-1.10.1-py2.7.egg\paramiko\common.pyc".
Rrenaming "C:\Python27\Lib\site-packages\paramiko-1.10.1-py2.7.egg\paramiko\compress.pyo" --> "C:\Python27\Lib\site-packages\paramiko-1.10.1-py2.7.egg\paramiko\compress.pyc".
Rrenaming "C:\Python27\Lib\site-packages\paramiko-1.10.1-py2.7.egg\paramiko\config.pyo" --> "C:\Python27\Lib\site-packages\paramiko-1.10.1-py2.7.egg\paramiko\config.pyc".
Rrenaming "C:\Python27\Lib\site-packages\paramiko-1.10.1-py2.7.egg\paramiko\dsskey.pyo" --> "C:\Python27\Lib\site-packages\paramiko-1.10.1-py2.7.egg\paramiko\dsskey.pyc".
Rrenaming "C:\Python27\Lib\site-packages\paramiko-1.10.1-py2.7.egg\paramiko\file.pyo" --> "C:\Python27\Lib\site-packages\paramiko-1.10.1-py2.7.egg\paramiko\file.pyc".
Rrenaming "C:\Python27\Lib\site-packages\paramiko-1.10.1-py2.7.egg\paramiko\hostkeys.pyo" --> "C:\Python27\Lib\site-packages\paramiko-1.10.1-py2.7.egg\paramiko\hostkeys.pyc".
Rrenaming "C:\Python27\Lib\site-packages\paramiko-1.10.1-py2.7.egg\paramiko\kex_gex.pyo" --> "C:\Python27\Lib\site-packages\paramiko-1.10.1-py2.7.egg\paramiko\kex_gex.pyc".
Rrenaming "C:\Python27\Lib\site-packages\paramiko-1.10.1-py2.7.egg\paramiko\kex_group1.pyo" --> "C:\Python27\Lib\site-packages\paramiko-1.10.1-py2.7.egg\paramiko\kex_group1.pyc".
Rrenaming "C:\Python27\Lib\site-packages\paramiko-1.10.1-py2.7.egg\paramiko\logging22.pyo" --> "C:\Python27\Lib\site-packages\paramiko-1.10.1-py2.7.egg\paramiko\logging22.pyc".
Rrenaming "C:\Python27\Lib\site-packages\paramiko-1.10.1-py2.7.egg\paramiko\message.pyo" --> "C:\Python27\Lib\site-packages\paramiko-1.10.1-py2.7.egg\paramiko\message.pyc".
Rrenaming "C:\Python27\Lib\site-packages\paramiko-1.10.1-py2.7.egg\paramiko\packet.pyo" --> "C:\Python27\Lib\site-packages\paramiko-1.10.1-py2.7.egg\paramiko\packet.pyc".
Rrenaming "C:\Python27\Lib\site-packages\paramiko-1.10.1-py2.7.egg\paramiko\pipe.pyo" --> "C:\Python27\Lib\site-packages\paramiko-1.10.1-py2.7.egg\paramiko\pipe.pyc".
Rrenaming "C:\Python27\Lib\site-packages\paramiko-1.10.1-py2.7.egg\paramiko\pkey.pyo" --> "C:\Python27\Lib\site-packages\paramiko-1.10.1-py2.7.egg\paramiko\pkey.pyc".
Rrenaming "C:\Python27\Lib\site-packages\paramiko-1.10.1-py2.7.egg\paramiko\primes.pyo" --> "C:\Python27\Lib\site-packages\paramiko-1.10.1-py2.7.egg\paramiko\primes.pyc".
Rrenaming "C:\Python27\Lib\site-packages\paramiko-1.10.1-py2.7.egg\paramiko\proxy.pyo" --> "C:\Python27\Lib\site-packages\paramiko-1.10.1-py2.7.egg\paramiko\proxy.pyc".
Rrenaming "C:\Python27\Lib\site-packages\paramiko-1.10.1-py2.7.egg\paramiko\resource.pyo" --> "C:\Python27\Lib\site-packages\paramiko-1.10.1-py2.7.egg\paramiko\resource.pyc".
Rrenaming "C:\Python27\Lib\site-packages\paramiko-1.10.1-py2.7.egg\paramiko\rsakey.pyo" --> "C:\Python27\Lib\site-packages\paramiko-1.10.1-py2.7.egg\paramiko\rsakey.pyc".
Rrenaming "C:\Python27\Lib\site-packages\paramiko-1.10.1-py2.7.egg\paramiko\server.pyo" --> "C:\Python27\Lib\site-packages\paramiko-1.10.1-py2.7.egg\paramiko\server.pyc".
Rrenaming "C:\Python27\Lib\site-packages\paramiko-1.10.1-py2.7.egg\paramiko\sftp.pyo" --> "C:\Python27\Lib\site-packages\paramiko-1.10.1-py2.7.egg\paramiko\sftp.pyc".
Rrenaming "C:\Python27\Lib\site-packages\paramiko-1.10.1-py2.7.egg\paramiko\sftp_attr.pyo" --> "C:\Python27\Lib\site-packages\paramiko-1.10.1-py2.7.egg\paramiko\sftp_attr.pyc".
Rrenaming "C:\Python27\Lib\site-packages\paramiko-1.10.1-py2.7.egg\paramiko\sftp_client.pyo" --> "C:\Python27\Lib\site-packages\paramiko-1.10.1-py2.7.egg\paramiko\sftp_client.pyc".
Rrenaming "C:\Python27\Lib\site-packages\paramiko-1.10.1-py2.7.egg\paramiko\sftp_file.pyo" --> "C:\Python27\Lib\site-packages\paramiko-1.10.1-py2.7.egg\paramiko\sftp_file.pyc".
Rrenaming "C:\Python27\Lib\site-packages\paramiko-1.10.1-py2.7.egg\paramiko\sftp_handle.pyo" --> "C:\Python27\Lib\site-packages\paramiko-1.10.1-py2.7.egg\paramiko\sftp_handle.pyc".
Rrenaming "C:\Python27\Lib\site-packages\paramiko-1.10.1-py2.7.egg\paramiko\sftp_server.pyo" --> "C:\Python27\Lib\site-packages\paramiko-1.10.1-py2.7.egg\paramiko\sftp_server.pyc".
Rrenaming "C:\Python27\Lib\site-packages\paramiko-1.10.1-py2.7.egg\paramiko\sftp_si.pyo" --> "C:\Python27\Lib\site-packages\paramiko-1.10.1-py2.7.egg\paramiko\sftp_si.pyc".
Rrenaming "C:\Python27\Lib\site-packages\paramiko-1.10.1-py2.7.egg\paramiko\ssh_exception.pyo" --> "C:\Python27\Lib\site-packages\paramiko-1.10.1-py2.7.egg\paramiko\ssh_exception.pyc".
Rrenaming "C:\Python27\Lib\site-packages\paramiko-1.10.1-py2.7.egg\paramiko\transport.pyo" --> "C:\Python27\Lib\site-packages\paramiko-1.10.1-py2.7.egg\paramiko\transport.pyc".
Rrenaming "C:\Python27\Lib\site-packages\paramiko-1.10.1-py2.7.egg\paramiko\util.pyo" --> "C:\Python27\Lib\site-packages\paramiko-1.10.1-py2.7.egg\paramiko\util.pyc".
Rrenaming "C:\Python27\Lib\site-packages\paramiko-1.10.1-py2.7.egg\paramiko\win_pageant.pyo" --> "C:\Python27\Lib\site-packages\paramiko-1.10.1-py2.7.egg\paramiko\win_pageant.pyc".
Rrenaming "C:\Python27\Lib\site-packages\paramiko-1.10.1-py2.7.egg\paramiko\__init__.pyo" --> "C:\Python27\Lib\site-packages\paramiko-1.10.1-py2.7.egg\paramiko\__init__.pyc".
Done !
Making dist folder... Done !
Collecting .pyc files again...
INFO: _use_zipfile=True
Moving .pyc --> "J:\@Vyper Logix Corp\@Projects\python-projects\@lib\12-13-2011-01\dist_2.7\paramiko_2_7.zip" ...
	Adding C:\Python27\Lib\site-packages\paramiko-1.10.1-py2.7.egg\paramiko\agent.pyc --> "\paramiko\agent.pyc" ...
	Adding C:\Python27\Lib\site-packages\paramiko-1.10.1-py2.7.egg\paramiko\auth_handler.pyc --> "\paramiko\auth_handler.pyc" ...
	Adding C:\Python27\Lib\site-packages\paramiko-1.10.1-py2.7.egg\paramiko\ber.pyc --> "\paramiko\ber.pyc" ...
	Adding C:\Python27\Lib\site-packages\paramiko-1.10.1-py2.7.egg\paramiko\buffered_pipe.pyc --> "\paramiko\buffered_pipe.pyc" ...
	Adding C:\Python27\Lib\site-packages\paramiko-1.10.1-py2.7.egg\paramiko\channel.pyc --> "\paramiko\channel.pyc" ...
	Adding C:\Python27\Lib\site-packages\paramiko-1.10.1-py2.7.egg\paramiko\client.pyc --> "\paramiko\client.pyc" ...
	Adding C:\Python27\Lib\site-packages\paramiko-1.10.1-py2.7.egg\paramiko\common.pyc --> "\paramiko\common.pyc" ...
	Adding C:\Python27\Lib\site-packages\paramiko-1.10.1-py2.7.egg\paramiko\compress.pyc --> "\paramiko\compress.pyc" ...
	Adding C:\Python27\Lib\site-packages\paramiko-1.10.1-py2.7.egg\paramiko\config.pyc --> "\paramiko\config.pyc" ...
	Adding C:\Python27\Lib\site-packages\paramiko-1.10.1-py2.7.egg\paramiko\dsskey.pyc --> "\paramiko\dsskey.pyc" ...
	Adding C:\Python27\Lib\site-packages\paramiko-1.10.1-py2.7.egg\paramiko\file.pyc --> "\paramiko\file.pyc" ...
	Adding C:\Python27\Lib\site-packages\paramiko-1.10.1-py2.7.egg\paramiko\hostkeys.pyc --> "\paramiko\hostkeys.pyc" ...
	Adding C:\Python27\Lib\site-packages\paramiko-1.10.1-py2.7.egg\paramiko\kex_gex.pyc --> "\paramiko\kex_gex.pyc" ...
	Adding C:\Python27\Lib\site-packages\paramiko-1.10.1-py2.7.egg\paramiko\kex_group1.pyc --> "\paramiko\kex_group1.pyc" ...
	Adding C:\Python27\Lib\site-packages\paramiko-1.10.1-py2.7.egg\paramiko\logging22.pyc --> "\paramiko\logging22.pyc" ...
	Adding C:\Python27\Lib\site-packages\paramiko-1.10.1-py2.7.egg\paramiko\message.pyc --> "\paramiko\message.pyc" ...
	Adding C:\Python27\Lib\site-packages\paramiko-1.10.1-py2.7.egg\paramiko\packet.pyc --> "\paramiko\packet.pyc" ...
	Adding C:\Python27\Lib\site-packages\paramiko-1.10.1-py2.7.egg\paramiko\pipe.pyc --> "\paramiko\pipe.pyc" ...
	Adding C:\Python27\Lib\site-packages\paramiko-1.10.1-py2.7.egg\paramiko\pkey.pyc --> "\paramiko\pkey.pyc" ...
	Adding C:\Python27\Lib\site-packages\paramiko-1.10.1-py2.7.egg\paramiko\primes.pyc --> "\paramiko\primes.pyc" ...
	Adding C:\Python27\Lib\site-packages\paramiko-1.10.1-py2.7.egg\paramiko\proxy.pyc --> "\paramiko\proxy.pyc" ...
	Adding C:\Python27\Lib\site-packages\paramiko-1.10.1-py2.7.egg\paramiko\resource.pyc --> "\paramiko\resource.pyc" ...
	Adding C:\Python27\Lib\site-packages\paramiko-1.10.1-py2.7.egg\paramiko\rsakey.pyc --> "\paramiko\rsakey.pyc" ...
	Adding C:\Python27\Lib\site-packages\paramiko-1.10.1-py2.7.egg\paramiko\server.pyc --> "\paramiko\server.pyc" ...
	Adding C:\Python27\Lib\site-packages\paramiko-1.10.1-py2.7.egg\paramiko\sftp.pyc --> "\paramiko\sftp.pyc" ...
	Adding C:\Python27\Lib\site-packages\paramiko-1.10.1-py2.7.egg\paramiko\sftp_attr.pyc --> "\paramiko\sftp_attr.pyc" ...
	Adding C:\Python27\Lib\site-packages\paramiko-1.10.1-py2.7.egg\paramiko\sftp_client.pyc --> "\paramiko\sftp_client.pyc" ...
	Adding C:\Python27\Lib\site-packages\paramiko-1.10.1-py2.7.egg\paramiko\sftp_file.pyc --> "\paramiko\sftp_file.pyc" ...
	Adding C:\Python27\Lib\site-packages\paramiko-1.10.1-py2.7.egg\paramiko\sftp_handle.pyc --> "\paramiko\sftp_handle.pyc" ...
	Adding C:\Python27\Lib\site-packages\paramiko-1.10.1-py2.7.egg\paramiko\sftp_server.pyc --> "\paramiko\sftp_server.pyc" ...
	Adding C:\Python27\Lib\site-packages\paramiko-1.10.1-py2.7.egg\paramiko\sftp_si.pyc --> "\paramiko\sftp_si.pyc" ...
	Adding C:\Python27\Lib\site-packages\paramiko-1.10.1-py2.7.egg\paramiko\ssh_exception.pyc --> "\paramiko\ssh_exception.pyc" ...
	Adding C:\Python27\Lib\site-packages\paramiko-1.10.1-py2.7.egg\paramiko\transport.pyc --> "\paramiko\transport.pyc" ...
	Adding C:\Python27\Lib\site-packages\paramiko-1.10.1-py2.7.egg\paramiko\util.pyc --> "\paramiko\util.pyc" ...
	Adding C:\Python27\Lib\site-packages\paramiko-1.10.1-py2.7.egg\paramiko\win_pageant.pyc --> "\paramiko\win_pageant.pyc" ...
	Adding C:\Python27\Lib\site-packages\paramiko-1.10.1-py2.7.egg\paramiko\__init__.pyc --> "\paramiko\__init__.pyc" ...
paramiko/agent.pyc
paramiko/auth_handler.pyc
paramiko/ber.pyc
paramiko/buffered_pipe.pyc
paramiko/channel.pyc
paramiko/client.pyc
paramiko/common.pyc
paramiko/compress.pyc
paramiko/config.pyc
paramiko/dsskey.pyc
paramiko/file.pyc
paramiko/hostkeys.pyc
paramiko/kex_gex.pyc
paramiko/kex_group1.pyc
paramiko/logging22.pyc
paramiko/message.pyc
paramiko/packet.pyc
paramiko/pipe.pyc
paramiko/pkey.pyc
paramiko/primes.pyc
paramiko/proxy.pyc
paramiko/resource.pyc
paramiko/rsakey.pyc
paramiko/server.pyc
paramiko/sftp.pyc
paramiko/sftp_attr.pyc
paramiko/sftp_client.pyc
paramiko/sftp_file.pyc
paramiko/sftp_handle.pyc
paramiko/sftp_server.pyc
paramiko/sftp_si.pyc
paramiko/ssh_exception.pyc
paramiko/transport.pyc
paramiko/util.pyc
paramiko/win_pageant.pyc
paramiko/__init__.pyc
Done !
END !
