compile-all.py
BEGIN !
libname --> "C:/Python27/Lib/site-packages/OpenSSL" ...
__libname__ --> "C:/Python27/Lib/site-packages/OpenSSL" ...
fp --> "C:/Python27/Lib/site-packages/OpenSSL" ...
_bias --> "C:/Python27/Lib/site-packages" ...
_bias_name --> "OpenSSL" ...
_is_target_folder_valid --> "True" ...
Listing C:/Python27/Lib/site-packages/OpenSSL ...
Compiling C:/Python27/Lib/site-packages/OpenSSL\__init__.py ...
Listing C:/Python27/Lib/site-packages/OpenSSL\test ...
Compiling C:/Python27/Lib/site-packages/OpenSSL\test\__init__.py ...
Compiling C:/Python27/Lib/site-packages/OpenSSL\test\test_crypto.py ...
Compiling C:/Python27/Lib/site-packages/OpenSSL\test\test_rand.py ...
Compiling C:/Python27/Lib/site-packages/OpenSSL\test\test_ssl.py ...
Compiling C:/Python27/Lib/site-packages/OpenSSL\test\util.py ...
Compiling C:/Python27/Lib/site-packages/OpenSSL\tsafe.py ...
Compiling C:/Python27/Lib/site-packages/OpenSSL\version.py ...
Collecting .pyc files... Removing .pyc files...
C:\Python27\Lib\site-packages\OpenSSL\crypto.pyc
C:\Python27\Lib\site-packages\OpenSSL\libeay32.pyc
C:\Python27\Lib\site-packages\OpenSSL\rand.pyc
C:\Python27\Lib\site-packages\OpenSSL\SSL.pyc
C:\Python27\Lib\site-packages\OpenSSL\ssleay32.pyc
C:\Python27\Lib\site-packages\OpenSSL\tsafe.pyc
C:\Python27\Lib\site-packages\OpenSSL\version.pyc
C:\Python27\Lib\site-packages\OpenSSL\__init__.pyc
C:\Python27\Lib\site-packages\OpenSSL\test\test_crypto.pyc
C:\Python27\Lib\site-packages\OpenSSL\test\test_rand.pyc
C:\Python27\Lib\site-packages\OpenSSL\test\test_ssl.pyc
C:\Python27\Lib\site-packages\OpenSSL\test\util.pyc
C:\Python27\Lib\site-packages\OpenSSL\test\__init__.pyc Removing "C:\Python27\Lib\site-packages\OpenSSL\tsafe.pyc".
Removing "C:\Python27\Lib\site-packages\OpenSSL\version.pyc".
Removing "C:\Python27\Lib\site-packages\OpenSSL\__init__.pyc".
Removing "C:\Python27\Lib\site-packages\OpenSSL\test\test_crypto.pyc".
Removing "C:\Python27\Lib\site-packages\OpenSSL\test\test_rand.pyc".
Removing "C:\Python27\Lib\site-packages\OpenSSL\test\test_ssl.pyc".
Removing "C:\Python27\Lib\site-packages\OpenSSL\test\util.pyc".
Removing "C:\Python27\Lib\site-packages\OpenSSL\test\__init__.pyc".
Done !
Collecting .pyo files... Renaming .pyo --> .pyc ...
C:\Python27\Lib\site-packages\OpenSSL\tsafe.pyo
C:\Python27\Lib\site-packages\OpenSSL\version.pyo
C:\Python27\Lib\site-packages\OpenSSL\__init__.pyo
C:\Python27\Lib\site-packages\OpenSSL\test\test_crypto.pyo
C:\Python27\Lib\site-packages\OpenSSL\test\test_rand.pyo
C:\Python27\Lib\site-packages\OpenSSL\test\test_ssl.pyo
C:\Python27\Lib\site-packages\OpenSSL\test\util.pyo
C:\Python27\Lib\site-packages\OpenSSL\test\__init__.pyo Rrenaming "C:\Python27\Lib\site-packages\OpenSSL\tsafe.pyo" --> "C:\Python27\Lib\site-packages\OpenSSL\tsafe.pyc".
Rrenaming "C:\Python27\Lib\site-packages\OpenSSL\version.pyo" --> "C:\Python27\Lib\site-packages\OpenSSL\version.pyc".
Rrenaming "C:\Python27\Lib\site-packages\OpenSSL\__init__.pyo" --> "C:\Python27\Lib\site-packages\OpenSSL\__init__.pyc".
Rrenaming "C:\Python27\Lib\site-packages\OpenSSL\test\test_crypto.pyo" --> "C:\Python27\Lib\site-packages\OpenSSL\test\test_crypto.pyc".
Rrenaming "C:\Python27\Lib\site-packages\OpenSSL\test\test_rand.pyo" --> "C:\Python27\Lib\site-packages\OpenSSL\test\test_rand.pyc".
Rrenaming "C:\Python27\Lib\site-packages\OpenSSL\test\test_ssl.pyo" --> "C:\Python27\Lib\site-packages\OpenSSL\test\test_ssl.pyc".
Rrenaming "C:\Python27\Lib\site-packages\OpenSSL\test\util.pyo" --> "C:\Python27\Lib\site-packages\OpenSSL\test\util.pyc".
Rrenaming "C:\Python27\Lib\site-packages\OpenSSL\test\__init__.pyo" --> "C:\Python27\Lib\site-packages\OpenSSL\test\__init__.pyc".
Done !
Making dist folder... Done !
Collecting .pyc files again...
INFO: _use_zipfile=True
Moving .pyc --> "J:\@Vyper Logix Corp\@Projects\python-projects\@lib\12-13-2011-01\dist_2.7\OpenSSL_2_7.zip" ...
	Adding C:\Python27\Lib\site-packages\OpenSSL\crypto.pyc --> "\OpenSSL\crypto.pyc" ...
	Adding C:\Python27\Lib\site-packages\OpenSSL\crypto.pyd --> "\OpenSSL\crypto.pyd" ...
	Adding C:\Python27\Lib\site-packages\OpenSSL\libeay32.dll --> "\OpenSSL\libeay32.dll" ...
	Adding C:\Python27\Lib\site-packages\OpenSSL\libeay32.pyc --> "\OpenSSL\libeay32.pyc" ...
	Adding C:\Python27\Lib\site-packages\OpenSSL\rand.pyc --> "\OpenSSL\rand.pyc" ...
	Adding C:\Python27\Lib\site-packages\OpenSSL\rand.pyd --> "\OpenSSL\rand.pyd" ...
	Adding C:\Python27\Lib\site-packages\OpenSSL\SSL.pyc --> "\OpenSSL\SSL.pyc" ...
	Adding C:\Python27\Lib\site-packages\OpenSSL\SSL.pyd --> "\OpenSSL\SSL.pyd" ...
	Adding C:\Python27\Lib\site-packages\OpenSSL\ssleay32.dll --> "\OpenSSL\ssleay32.dll" ...
	Adding C:\Python27\Lib\site-packages\OpenSSL\ssleay32.pyc --> "\OpenSSL\ssleay32.pyc" ...
	Adding C:\Python27\Lib\site-packages\OpenSSL\tsafe.pyc --> "\OpenSSL\tsafe.pyc" ...
	Adding C:\Python27\Lib\site-packages\OpenSSL\version.pyc --> "\OpenSSL\version.pyc" ...
	Adding C:\Python27\Lib\site-packages\OpenSSL\__init__.pyc --> "\OpenSSL\__init__.pyc" ...
	Adding C:\Python27\Lib\site-packages\OpenSSL\test\test_crypto.pyc --> "\OpenSSL\test\test_crypto.pyc" ...
	Adding C:\Python27\Lib\site-packages\OpenSSL\test\test_rand.pyc --> "\OpenSSL\test\test_rand.pyc" ...
	Adding C:\Python27\Lib\site-packages\OpenSSL\test\test_ssl.pyc --> "\OpenSSL\test\test_ssl.pyc" ...
	Adding C:\Python27\Lib\site-packages\OpenSSL\test\util.pyc --> "\OpenSSL\test\util.pyc" ...
	Adding C:\Python27\Lib\site-packages\OpenSSL\test\__init__.pyc --> "\OpenSSL\test\__init__.pyc" ...
OpenSSL/crypto.pyc
OpenSSL/crypto.pyd
OpenSSL/libeay32.dll
OpenSSL/libeay32.pyc
OpenSSL/rand.pyc
OpenSSL/rand.pyd
OpenSSL/SSL.pyc
OpenSSL/SSL.pyd
OpenSSL/ssleay32.dll
OpenSSL/ssleay32.pyc
OpenSSL/tsafe.pyc
OpenSSL/version.pyc
OpenSSL/__init__.pyc
OpenSSL/test/test_crypto.pyc
OpenSSL/test/test_rand.pyc
OpenSSL/test/test_ssl.pyc
OpenSSL/test/util.pyc
OpenSSL/test/__init__.pyc
Done !
END !
