compile-all.py
BEGIN !
libname --> "C:/Python27/Lib/site-packages/Crypto" ...
__libname__ --> "C:/Python27/Lib/site-packages/Crypto" ...
fp --> "C:/Python27/Lib/site-packages/Crypto" ...
_bias --> "C:/Python27/Lib/site-packages" ...
_bias_name --> "Crypto" ...
_is_target_folder_valid --> "True" ...
Listing C:/Python27/Lib/site-packages/Crypto ...
Listing C:/Python27/Lib/site-packages/Crypto\Cipher ...
Compiling C:/Python27/Lib/site-packages/Crypto\Cipher\PKCS1_OAEP.py ...
Compiling C:/Python27/Lib/site-packages/Crypto\Cipher\PKCS1_v1_5.py ...
Compiling C:/Python27/Lib/site-packages/Crypto\Cipher\__init__.py ...
Listing C:/Python27/Lib/site-packages/Crypto\Hash ...
Compiling C:/Python27/Lib/site-packages/Crypto\Hash\HMAC.py ...
Compiling C:/Python27/Lib/site-packages/Crypto\Hash\MD2.py ...
Compiling C:/Python27/Lib/site-packages/Crypto\Hash\MD4.py ...
Compiling C:/Python27/Lib/site-packages/Crypto\Hash\MD5.py ...
Compiling C:/Python27/Lib/site-packages/Crypto\Hash\RIPEMD.py ...
Compiling C:/Python27/Lib/site-packages/Crypto\Hash\SHA.py ...
Compiling C:/Python27/Lib/site-packages/Crypto\Hash\SHA224.py ...
Compiling C:/Python27/Lib/site-packages/Crypto\Hash\SHA256.py ...
Compiling C:/Python27/Lib/site-packages/Crypto\Hash\SHA384.py ...
Compiling C:/Python27/Lib/site-packages/Crypto\Hash\SHA512.py ...
Compiling C:/Python27/Lib/site-packages/Crypto\Hash\__init__.py ...
Listing C:/Python27/Lib/site-packages/Crypto\Protocol ...
Compiling C:/Python27/Lib/site-packages/Crypto\Protocol\AllOrNothing.py ...
Compiling C:/Python27/Lib/site-packages/Crypto\Protocol\Chaffing.py ...
Compiling C:/Python27/Lib/site-packages/Crypto\Protocol\KDF.py ...
Compiling C:/Python27/Lib/site-packages/Crypto\Protocol\__init__.py ...
Listing C:/Python27/Lib/site-packages/Crypto\PublicKey ...
Compiling C:/Python27/Lib/site-packages/Crypto\PublicKey\DSA.py ...
Compiling C:/Python27/Lib/site-packages/Crypto\PublicKey\ElGamal.py ...
Compiling C:/Python27/Lib/site-packages/Crypto\PublicKey\RSA.py ...
Compiling C:/Python27/Lib/site-packages/Crypto\PublicKey\_DSA.py ...
Compiling C:/Python27/Lib/site-packages/Crypto\PublicKey\_RSA.py ...
Compiling C:/Python27/Lib/site-packages/Crypto\PublicKey\__init__.py ...
Compiling C:/Python27/Lib/site-packages/Crypto\PublicKey\_slowmath.py ...
Compiling C:/Python27/Lib/site-packages/Crypto\PublicKey\pubkey.py ...
Compiling C:/Python27/Lib/site-packages/Crypto\PublicKey\qNEW.py ...
Listing C:/Python27/Lib/site-packages/Crypto\Random ...
Listing C:/Python27/Lib/site-packages/Crypto\Random\Fortuna ...
Compiling C:/Python27/Lib/site-packages/Crypto\Random\Fortuna\FortunaAccumulator.py ...
Compiling C:/Python27/Lib/site-packages/Crypto\Random\Fortuna\FortunaGenerator.py ...
Compiling C:/Python27/Lib/site-packages/Crypto\Random\Fortuna\SHAd256.py ...
Compiling C:/Python27/Lib/site-packages/Crypto\Random\Fortuna\__init__.py ...
Listing C:/Python27/Lib/site-packages/Crypto\Random\OSRNG ...
Compiling C:/Python27/Lib/site-packages/Crypto\Random\OSRNG\__init__.py ...
Compiling C:/Python27/Lib/site-packages/Crypto\Random\OSRNG\fallback.py ...
Compiling C:/Python27/Lib/site-packages/Crypto\Random\OSRNG\nt.py ...
Compiling C:/Python27/Lib/site-packages/Crypto\Random\OSRNG\posix.py ...
Compiling C:/Python27/Lib/site-packages/Crypto\Random\OSRNG\rng_base.py ...
Compiling C:/Python27/Lib/site-packages/Crypto\Random\_UserFriendlyRNG.py ...
Compiling C:/Python27/Lib/site-packages/Crypto\Random\__init__.py ...
Compiling C:/Python27/Lib/site-packages/Crypto\Random\random.py ...
Listing C:/Python27/Lib/site-packages/Crypto\SelfTest ...
Listing C:/Python27/Lib/site-packages/Crypto\SelfTest\Cipher ...
Compiling C:/Python27/Lib/site-packages/Crypto\SelfTest\Cipher\__init__.py ...
Compiling C:/Python27/Lib/site-packages/Crypto\SelfTest\Cipher\common.py ...
Compiling C:/Python27/Lib/site-packages/Crypto\SelfTest\Cipher\test_AES.py ...
Compiling C:/Python27/Lib/site-packages/Crypto\SelfTest\Cipher\test_ARC2.py ...
Compiling C:/Python27/Lib/site-packages/Crypto\SelfTest\Cipher\test_ARC4.py ...
Compiling C:/Python27/Lib/site-packages/Crypto\SelfTest\Cipher\test_Blowfish.py ...
Compiling C:/Python27/Lib/site-packages/Crypto\SelfTest\Cipher\test_CAST.py ...
Compiling C:/Python27/Lib/site-packages/Crypto\SelfTest\Cipher\test_DES.py ...
Compiling C:/Python27/Lib/site-packages/Crypto\SelfTest\Cipher\test_DES3.py ...
Compiling C:/Python27/Lib/site-packages/Crypto\SelfTest\Cipher\test_XOR.py ...
Compiling C:/Python27/Lib/site-packages/Crypto\SelfTest\Cipher\test_pkcs1_15.py ...
Compiling C:/Python27/Lib/site-packages/Crypto\SelfTest\Cipher\test_pkcs1_oaep.py ...
Listing C:/Python27/Lib/site-packages/Crypto\SelfTest\Hash ...
Compiling C:/Python27/Lib/site-packages/Crypto\SelfTest\Hash\__init__.py ...
Compiling C:/Python27/Lib/site-packages/Crypto\SelfTest\Hash\common.py ...
Compiling C:/Python27/Lib/site-packages/Crypto\SelfTest\Hash\test_HMAC.py ...
Compiling C:/Python27/Lib/site-packages/Crypto\SelfTest\Hash\test_MD2.py ...
Compiling C:/Python27/Lib/site-packages/Crypto\SelfTest\Hash\test_MD4.py ...
Compiling C:/Python27/Lib/site-packages/Crypto\SelfTest\Hash\test_MD5.py ...
Compiling C:/Python27/Lib/site-packages/Crypto\SelfTest\Hash\test_RIPEMD.py ...
Compiling C:/Python27/Lib/site-packages/Crypto\SelfTest\Hash\test_SHA.py ...
Compiling C:/Python27/Lib/site-packages/Crypto\SelfTest\Hash\test_SHA224.py ...
Compiling C:/Python27/Lib/site-packages/Crypto\SelfTest\Hash\test_SHA256.py ...
Compiling C:/Python27/Lib/site-packages/Crypto\SelfTest\Hash\test_SHA384.py ...
Compiling C:/Python27/Lib/site-packages/Crypto\SelfTest\Hash\test_SHA512.py ...
Listing C:/Python27/Lib/site-packages/Crypto\SelfTest\Protocol ...
Compiling C:/Python27/Lib/site-packages/Crypto\SelfTest\Protocol\__init__.py ...
Compiling C:/Python27/Lib/site-packages/Crypto\SelfTest\Protocol\test_AllOrNothing.py ...
Compiling C:/Python27/Lib/site-packages/Crypto\SelfTest\Protocol\test_KDF.py ...
Compiling C:/Python27/Lib/site-packages/Crypto\SelfTest\Protocol\test_chaffing.py ...
Compiling C:/Python27/Lib/site-packages/Crypto\SelfTest\Protocol\test_rfc1751.py ...
Listing C:/Python27/Lib/site-packages/Crypto\SelfTest\PublicKey ...
Compiling C:/Python27/Lib/site-packages/Crypto\SelfTest\PublicKey\__init__.py ...
Compiling C:/Python27/Lib/site-packages/Crypto\SelfTest\PublicKey\test_DSA.py ...
Compiling C:/Python27/Lib/site-packages/Crypto\SelfTest\PublicKey\test_RSA.py ...
Compiling C:/Python27/Lib/site-packages/Crypto\SelfTest\PublicKey\test_importKey.py ...
Listing C:/Python27/Lib/site-packages/Crypto\SelfTest\Random ...
Listing C:/Python27/Lib/site-packages/Crypto\SelfTest\Random\Fortuna ...
Compiling C:/Python27/Lib/site-packages/Crypto\SelfTest\Random\Fortuna\__init__.py ...
Compiling C:/Python27/Lib/site-packages/Crypto\SelfTest\Random\Fortuna\test_FortunaAccumulator.py ...
Compiling C:/Python27/Lib/site-packages/Crypto\SelfTest\Random\Fortuna\test_FortunaGenerator.py ...
Compiling C:/Python27/Lib/site-packages/Crypto\SelfTest\Random\Fortuna\test_SHAd256.py ...
Listing C:/Python27/Lib/site-packages/Crypto\SelfTest\Random\OSRNG ...
Compiling C:/Python27/Lib/site-packages/Crypto\SelfTest\Random\OSRNG\__init__.py ...
Compiling C:/Python27/Lib/site-packages/Crypto\SelfTest\Random\OSRNG\test_fallback.py ...
Compiling C:/Python27/Lib/site-packages/Crypto\SelfTest\Random\OSRNG\test_generic.py ...
Compiling C:/Python27/Lib/site-packages/Crypto\SelfTest\Random\OSRNG\test_nt.py ...
Compiling C:/Python27/Lib/site-packages/Crypto\SelfTest\Random\OSRNG\test_posix.py ...
Compiling C:/Python27/Lib/site-packages/Crypto\SelfTest\Random\OSRNG\test_winrandom.py ...
Compiling C:/Python27/Lib/site-packages/Crypto\SelfTest\Random\__init__.py ...
Compiling C:/Python27/Lib/site-packages/Crypto\SelfTest\Random\test_random.py ...
Compiling C:/Python27/Lib/site-packages/Crypto\SelfTest\Random\test_rpoolcompat.py ...
Listing C:/Python27/Lib/site-packages/Crypto\SelfTest\Signature ...
Compiling C:/Python27/Lib/site-packages/Crypto\SelfTest\Signature\__init__.py ...
Compiling C:/Python27/Lib/site-packages/Crypto\SelfTest\Signature\test_pkcs1_15.py ...
Compiling C:/Python27/Lib/site-packages/Crypto\SelfTest\Signature\test_pkcs1_pss.py ...
Listing C:/Python27/Lib/site-packages/Crypto\SelfTest\Util ...
Compiling C:/Python27/Lib/site-packages/Crypto\SelfTest\Util\__init__.py ...
Compiling C:/Python27/Lib/site-packages/Crypto\SelfTest\Util\test_Counter.py ...
Compiling C:/Python27/Lib/site-packages/Crypto\SelfTest\Util\test_asn1.py ...
Compiling C:/Python27/Lib/site-packages/Crypto\SelfTest\Util\test_number.py ...
Compiling C:/Python27/Lib/site-packages/Crypto\SelfTest\Util\test_winrandom.py ...
Compiling C:/Python27/Lib/site-packages/Crypto\SelfTest\__init__.py ...
Compiling C:/Python27/Lib/site-packages/Crypto\SelfTest\st_common.py ...
Listing C:/Python27/Lib/site-packages/Crypto\Signature ...
Compiling C:/Python27/Lib/site-packages/Crypto\Signature\PKCS1_PSS.py ...
Compiling C:/Python27/Lib/site-packages/Crypto\Signature\PKCS1_v1_5.py ...
Compiling C:/Python27/Lib/site-packages/Crypto\Signature\__init__.py ...
Listing C:/Python27/Lib/site-packages/Crypto\Util ...
Compiling C:/Python27/Lib/site-packages/Crypto\Util\Counter.py ...
Compiling C:/Python27/Lib/site-packages/Crypto\Util\RFC1751.py ...
Compiling C:/Python27/Lib/site-packages/Crypto\Util\__init__.py ...
Compiling C:/Python27/Lib/site-packages/Crypto\Util\_number_new.py ...
Compiling C:/Python27/Lib/site-packages/Crypto\Util\asn1.py ...
Compiling C:/Python27/Lib/site-packages/Crypto\Util\number.py ...
Compiling C:/Python27/Lib/site-packages/Crypto\Util\py21compat.py ...
Compiling C:/Python27/Lib/site-packages/Crypto\Util\py3compat.py ...
Compiling C:/Python27/Lib/site-packages/Crypto\Util\randpool.py ...
Compiling C:/Python27/Lib/site-packages/Crypto\Util\winrandom.py ...
Compiling C:/Python27/Lib/site-packages/Crypto\Util\wrapper.py ...
Compiling C:/Python27/Lib/site-packages/Crypto\__init__.py ...
Compiling C:/Python27/Lib/site-packages/Crypto\pct_warnings.py ...
Collecting .pyc files... Removing .pyc files...
C:\Python27\Lib\site-packages\Crypto\pct_warnings.pyc
C:\Python27\Lib\site-packages\Crypto\__init__.pyc
C:\Python27\Lib\site-packages\Crypto\Cipher\PKCS1_OAEP.pyc
C:\Python27\Lib\site-packages\Crypto\Cipher\PKCS1_v1_5.pyc
C:\Python27\Lib\site-packages\Crypto\Cipher\__init__.pyc
C:\Python27\Lib\site-packages\Crypto\Hash\HMAC.pyc
C:\Python27\Lib\site-packages\Crypto\Hash\MD2.pyc
C:\Python27\Lib\site-packages\Crypto\Hash\MD4.pyc
C:\Python27\Lib\site-packages\Crypto\Hash\MD5.pyc
C:\Python27\Lib\site-packages\Crypto\Hash\RIPEMD.pyc
C:\Python27\Lib\site-packages\Crypto\Hash\SHA.pyc
C:\Python27\Lib\site-packages\Crypto\Hash\SHA224.pyc
C:\Python27\Lib\site-packages\Crypto\Hash\SHA256.pyc
C:\Python27\Lib\site-packages\Crypto\Hash\SHA384.pyc
C:\Python27\Lib\site-packages\Crypto\Hash\SHA512.pyc
C:\Python27\Lib\site-packages\Crypto\Hash\__init__.pyc
C:\Python27\Lib\site-packages\Crypto\Protocol\AllOrNothing.pyc
C:\Python27\Lib\site-packages\Crypto\Protocol\Chaffing.pyc
C:\Python27\Lib\site-packages\Crypto\Protocol\KDF.pyc
C:\Python27\Lib\site-packages\Crypto\Protocol\__init__.pyc
C:\Python27\Lib\site-packages\Crypto\PublicKey\DSA.pyc
C:\Python27\Lib\site-packages\Crypto\PublicKey\ElGamal.pyc
C:\Python27\Lib\site-packages\Crypto\PublicKey\pubkey.pyc
C:\Python27\Lib\site-packages\Crypto\PublicKey\qNEW.pyc
C:\Python27\Lib\site-packages\Crypto\PublicKey\RSA.pyc
C:\Python27\Lib\site-packages\Crypto\PublicKey\_DSA.pyc
C:\Python27\Lib\site-packages\Crypto\PublicKey\_RSA.pyc
C:\Python27\Lib\site-packages\Crypto\PublicKey\_slowmath.pyc
C:\Python27\Lib\site-packages\Crypto\PublicKey\__init__.pyc
C:\Python27\Lib\site-packages\Crypto\Random\random.pyc
C:\Python27\Lib\site-packages\Crypto\Random\_UserFriendlyRNG.pyc
C:\Python27\Lib\site-packages\Crypto\Random\__init__.pyc
C:\Python27\Lib\site-packages\Crypto\Random\Fortuna\FortunaAccumulator.pyc
C:\Python27\Lib\site-packages\Crypto\Random\Fortuna\FortunaGenerator.pyc
C:\Python27\Lib\site-packages\Crypto\Random\Fortuna\SHAd256.pyc
C:\Python27\Lib\site-packages\Crypto\Random\Fortuna\__init__.pyc
C:\Python27\Lib\site-packages\Crypto\Random\OSRNG\fallback.pyc
C:\Python27\Lib\site-packages\Crypto\Random\OSRNG\nt.pyc
C:\Python27\Lib\site-packages\Crypto\Random\OSRNG\posix.pyc
C:\Python27\Lib\site-packages\Crypto\Random\OSRNG\rng_base.pyc
C:\Python27\Lib\site-packages\Crypto\Random\OSRNG\__init__.pyc
C:\Python27\Lib\site-packages\Crypto\SelfTest\st_common.pyc
C:\Python27\Lib\site-packages\Crypto\SelfTest\__init__.pyc
C:\Python27\Lib\site-packages\Crypto\SelfTest\Cipher\common.pyc
C:\Python27\Lib\site-packages\Crypto\SelfTest\Cipher\test_AES.pyc
C:\Python27\Lib\site-packages\Crypto\SelfTest\Cipher\test_ARC2.pyc
C:\Python27\Lib\site-packages\Crypto\SelfTest\Cipher\test_ARC4.pyc
C:\Python27\Lib\site-packages\Crypto\SelfTest\Cipher\test_Blowfish.pyc
C:\Python27\Lib\site-packages\Crypto\SelfTest\Cipher\test_CAST.pyc
C:\Python27\Lib\site-packages\Crypto\SelfTest\Cipher\test_DES.pyc
C:\Python27\Lib\site-packages\Crypto\SelfTest\Cipher\test_DES3.pyc
C:\Python27\Lib\site-packages\Crypto\SelfTest\Cipher\test_pkcs1_15.pyc
C:\Python27\Lib\site-packages\Crypto\SelfTest\Cipher\test_pkcs1_oaep.pyc
C:\Python27\Lib\site-packages\Crypto\SelfTest\Cipher\test_XOR.pyc
C:\Python27\Lib\site-packages\Crypto\SelfTest\Cipher\__init__.pyc
C:\Python27\Lib\site-packages\Crypto\SelfTest\Hash\common.pyc
C:\Python27\Lib\site-packages\Crypto\SelfTest\Hash\test_HMAC.pyc
C:\Python27\Lib\site-packages\Crypto\SelfTest\Hash\test_MD2.pyc
C:\Python27\Lib\site-packages\Crypto\SelfTest\Hash\test_MD4.pyc
C:\Python27\Lib\site-packages\Crypto\SelfTest\Hash\test_MD5.pyc
C:\Python27\Lib\site-packages\Crypto\SelfTest\Hash\test_RIPEMD.pyc
C:\Python27\Lib\site-packages\Crypto\SelfTest\Hash\test_SHA.pyc
C:\Python27\Lib\site-packages\Crypto\SelfTest\Hash\test_SHA224.pyc
C:\Python27\Lib\site-packages\Crypto\SelfTest\Hash\test_SHA256.pyc
C:\Python27\Lib\site-packages\Crypto\SelfTest\Hash\test_SHA384.pyc
C:\Python27\Lib\site-packages\Crypto\SelfTest\Hash\test_SHA512.pyc
C:\Python27\Lib\site-packages\Crypto\SelfTest\Hash\__init__.pyc
C:\Python27\Lib\site-packages\Crypto\SelfTest\Protocol\test_AllOrNothing.pyc
C:\Python27\Lib\site-packages\Crypto\SelfTest\Protocol\test_chaffing.pyc
C:\Python27\Lib\site-packages\Crypto\SelfTest\Protocol\test_KDF.pyc
C:\Python27\Lib\site-packages\Crypto\SelfTest\Protocol\test_rfc1751.pyc
C:\Python27\Lib\site-packages\Crypto\SelfTest\Protocol\__init__.pyc
C:\Python27\Lib\site-packages\Crypto\SelfTest\PublicKey\test_DSA.pyc
C:\Python27\Lib\site-packages\Crypto\SelfTest\PublicKey\test_importKey.pyc
C:\Python27\Lib\site-packages\Crypto\SelfTest\PublicKey\test_RSA.pyc
C:\Python27\Lib\site-packages\Crypto\SelfTest\PublicKey\__init__.pyc
C:\Python27\Lib\site-packages\Crypto\SelfTest\Random\test_random.pyc
C:\Python27\Lib\site-packages\Crypto\SelfTest\Random\test_rpoolcompat.pyc
C:\Python27\Lib\site-packages\Crypto\SelfTest\Random\__init__.pyc
C:\Python27\Lib\site-packages\Crypto\SelfTest\Random\Fortuna\test_FortunaAccumulator.pyc
C:\Python27\Lib\site-packages\Crypto\SelfTest\Random\Fortuna\test_FortunaGenerator.pyc
C:\Python27\Lib\site-packages\Crypto\SelfTest\Random\Fortuna\test_SHAd256.pyc
C:\Python27\Lib\site-packages\Crypto\SelfTest\Random\Fortuna\__init__.pyc
C:\Python27\Lib\site-packages\Crypto\SelfTest\Random\OSRNG\test_fallback.pyc
C:\Python27\Lib\site-packages\Crypto\SelfTest\Random\OSRNG\test_generic.pyc
C:\Python27\Lib\site-packages\Crypto\SelfTest\Random\OSRNG\test_nt.pyc
C:\Python27\Lib\site-packages\Crypto\SelfTest\Random\OSRNG\test_posix.pyc
C:\Python27\Lib\site-packages\Crypto\SelfTest\Random\OSRNG\test_winrandom.pyc
C:\Python27\Lib\site-packages\Crypto\SelfTest\Random\OSRNG\__init__.pyc
C:\Python27\Lib\site-packages\Crypto\SelfTest\Signature\test_pkcs1_15.pyc
C:\Python27\Lib\site-packages\Crypto\SelfTest\Signature\test_pkcs1_pss.pyc
C:\Python27\Lib\site-packages\Crypto\SelfTest\Signature\__init__.pyc
C:\Python27\Lib\site-packages\Crypto\SelfTest\Util\test_asn1.pyc
C:\Python27\Lib\site-packages\Crypto\SelfTest\Util\test_Counter.pyc
C:\Python27\Lib\site-packages\Crypto\SelfTest\Util\test_number.pyc
C:\Python27\Lib\site-packages\Crypto\SelfTest\Util\test_winrandom.pyc
C:\Python27\Lib\site-packages\Crypto\SelfTest\Util\__init__.pyc
C:\Python27\Lib\site-packages\Crypto\Signature\PKCS1_PSS.pyc
C:\Python27\Lib\site-packages\Crypto\Signature\PKCS1_v1_5.pyc
C:\Python27\Lib\site-packages\Crypto\Signature\__init__.pyc
C:\Python27\Lib\site-packages\Crypto\Util\asn1.pyc
C:\Python27\Lib\site-packages\Crypto\Util\Counter.pyc
C:\Python27\Lib\site-packages\Crypto\Util\number.pyc
C:\Python27\Lib\site-packages\Crypto\Util\py21compat.pyc
C:\Python27\Lib\site-packages\Crypto\Util\py3compat.pyc
C:\Python27\Lib\site-packages\Crypto\Util\randpool.pyc
C:\Python27\Lib\site-packages\Crypto\Util\RFC1751.pyc
C:\Python27\Lib\site-packages\Crypto\Util\winrandom.pyc
C:\Python27\Lib\site-packages\Crypto\Util\wrapper.pyc
C:\Python27\Lib\site-packages\Crypto\Util\_number_new.pyc
C:\Python27\Lib\site-packages\Crypto\Util\__init__.pyc Removing "C:\Python27\Lib\site-packages\Crypto\pct_warnings.pyc".
Removing "C:\Python27\Lib\site-packages\Crypto\__init__.pyc".
Removing "C:\Python27\Lib\site-packages\Crypto\Cipher\PKCS1_OAEP.pyc".
Removing "C:\Python27\Lib\site-packages\Crypto\Cipher\PKCS1_v1_5.pyc".
Removing "C:\Python27\Lib\site-packages\Crypto\Cipher\__init__.pyc".
Removing "C:\Python27\Lib\site-packages\Crypto\Hash\HMAC.pyc".
Removing "C:\Python27\Lib\site-packages\Crypto\Hash\MD2.pyc".
Removing "C:\Python27\Lib\site-packages\Crypto\Hash\MD4.pyc".
Removing "C:\Python27\Lib\site-packages\Crypto\Hash\MD5.pyc".
Removing "C:\Python27\Lib\site-packages\Crypto\Hash\RIPEMD.pyc".
Removing "C:\Python27\Lib\site-packages\Crypto\Hash\SHA.pyc".
Removing "C:\Python27\Lib\site-packages\Crypto\Hash\SHA224.pyc".
Removing "C:\Python27\Lib\site-packages\Crypto\Hash\SHA256.pyc".
Removing "C:\Python27\Lib\site-packages\Crypto\Hash\SHA384.pyc".
Removing "C:\Python27\Lib\site-packages\Crypto\Hash\SHA512.pyc".
Removing "C:\Python27\Lib\site-packages\Crypto\Hash\__init__.pyc".
Removing "C:\Python27\Lib\site-packages\Crypto\Protocol\AllOrNothing.pyc".
Removing "C:\Python27\Lib\site-packages\Crypto\Protocol\Chaffing.pyc".
Removing "C:\Python27\Lib\site-packages\Crypto\Protocol\KDF.pyc".
Removing "C:\Python27\Lib\site-packages\Crypto\Protocol\__init__.pyc".
Removing "C:\Python27\Lib\site-packages\Crypto\PublicKey\DSA.pyc".
Removing "C:\Python27\Lib\site-packages\Crypto\PublicKey\ElGamal.pyc".
Removing "C:\Python27\Lib\site-packages\Crypto\PublicKey\pubkey.pyc".
Removing "C:\Python27\Lib\site-packages\Crypto\PublicKey\qNEW.pyc".
Removing "C:\Python27\Lib\site-packages\Crypto\PublicKey\RSA.pyc".
Removing "C:\Python27\Lib\site-packages\Crypto\PublicKey\_DSA.pyc".
Removing "C:\Python27\Lib\site-packages\Crypto\PublicKey\_RSA.pyc".
Removing "C:\Python27\Lib\site-packages\Crypto\PublicKey\_slowmath.pyc".
Removing "C:\Python27\Lib\site-packages\Crypto\PublicKey\__init__.pyc".
Removing "C:\Python27\Lib\site-packages\Crypto\Random\random.pyc".
Removing "C:\Python27\Lib\site-packages\Crypto\Random\_UserFriendlyRNG.pyc".
Removing "C:\Python27\Lib\site-packages\Crypto\Random\__init__.pyc".
Removing "C:\Python27\Lib\site-packages\Crypto\Random\Fortuna\FortunaAccumulator.pyc".
Removing "C:\Python27\Lib\site-packages\Crypto\Random\Fortuna\FortunaGenerator.pyc".
Removing "C:\Python27\Lib\site-packages\Crypto\Random\Fortuna\SHAd256.pyc".
Removing "C:\Python27\Lib\site-packages\Crypto\Random\Fortuna\__init__.pyc".
Removing "C:\Python27\Lib\site-packages\Crypto\Random\OSRNG\fallback.pyc".
Removing "C:\Python27\Lib\site-packages\Crypto\Random\OSRNG\nt.pyc".
Removing "C:\Python27\Lib\site-packages\Crypto\Random\OSRNG\posix.pyc".
Removing "C:\Python27\Lib\site-packages\Crypto\Random\OSRNG\rng_base.pyc".
Removing "C:\Python27\Lib\site-packages\Crypto\Random\OSRNG\__init__.pyc".
Removing "C:\Python27\Lib\site-packages\Crypto\SelfTest\st_common.pyc".
Removing "C:\Python27\Lib\site-packages\Crypto\SelfTest\__init__.pyc".
Removing "C:\Python27\Lib\site-packages\Crypto\SelfTest\Cipher\common.pyc".
Removing "C:\Python27\Lib\site-packages\Crypto\SelfTest\Cipher\test_AES.pyc".
Removing "C:\Python27\Lib\site-packages\Crypto\SelfTest\Cipher\test_ARC2.pyc".
Removing "C:\Python27\Lib\site-packages\Crypto\SelfTest\Cipher\test_ARC4.pyc".
Removing "C:\Python27\Lib\site-packages\Crypto\SelfTest\Cipher\test_Blowfish.pyc".
Removing "C:\Python27\Lib\site-packages\Crypto\SelfTest\Cipher\test_CAST.pyc".
Removing "C:\Python27\Lib\site-packages\Crypto\SelfTest\Cipher\test_DES.pyc".
Removing "C:\Python27\Lib\site-packages\Crypto\SelfTest\Cipher\test_DES3.pyc".
Removing "C:\Python27\Lib\site-packages\Crypto\SelfTest\Cipher\test_pkcs1_15.pyc".
Removing "C:\Python27\Lib\site-packages\Crypto\SelfTest\Cipher\test_pkcs1_oaep.pyc".
Removing "C:\Python27\Lib\site-packages\Crypto\SelfTest\Cipher\test_XOR.pyc".
Removing "C:\Python27\Lib\site-packages\Crypto\SelfTest\Cipher\__init__.pyc".
Removing "C:\Python27\Lib\site-packages\Crypto\SelfTest\Hash\common.pyc".
Removing "C:\Python27\Lib\site-packages\Crypto\SelfTest\Hash\test_HMAC.pyc".
Removing "C:\Python27\Lib\site-packages\Crypto\SelfTest\Hash\test_MD2.pyc".
Removing "C:\Python27\Lib\site-packages\Crypto\SelfTest\Hash\test_MD4.pyc".
Removing "C:\Python27\Lib\site-packages\Crypto\SelfTest\Hash\test_MD5.pyc".
Removing "C:\Python27\Lib\site-packages\Crypto\SelfTest\Hash\test_RIPEMD.pyc".
Removing "C:\Python27\Lib\site-packages\Crypto\SelfTest\Hash\test_SHA.pyc".
Removing "C:\Python27\Lib\site-packages\Crypto\SelfTest\Hash\test_SHA224.pyc".
Removing "C:\Python27\Lib\site-packages\Crypto\SelfTest\Hash\test_SHA256.pyc".
Removing "C:\Python27\Lib\site-packages\Crypto\SelfTest\Hash\test_SHA384.pyc".
Removing "C:\Python27\Lib\site-packages\Crypto\SelfTest\Hash\test_SHA512.pyc".
Removing "C:\Python27\Lib\site-packages\Crypto\SelfTest\Hash\__init__.pyc".
Removing "C:\Python27\Lib\site-packages\Crypto\SelfTest\Protocol\test_AllOrNothing.pyc".
Removing "C:\Python27\Lib\site-packages\Crypto\SelfTest\Protocol\test_chaffing.pyc".
Removing "C:\Python27\Lib\site-packages\Crypto\SelfTest\Protocol\test_KDF.pyc".
Removing "C:\Python27\Lib\site-packages\Crypto\SelfTest\Protocol\test_rfc1751.pyc".
Removing "C:\Python27\Lib\site-packages\Crypto\SelfTest\Protocol\__init__.pyc".
Removing "C:\Python27\Lib\site-packages\Crypto\SelfTest\PublicKey\test_DSA.pyc".
Removing "C:\Python27\Lib\site-packages\Crypto\SelfTest\PublicKey\test_importKey.pyc".
Removing "C:\Python27\Lib\site-packages\Crypto\SelfTest\PublicKey\test_RSA.pyc".
Removing "C:\Python27\Lib\site-packages\Crypto\SelfTest\PublicKey\__init__.pyc".
Removing "C:\Python27\Lib\site-packages\Crypto\SelfTest\Random\test_random.pyc".
Removing "C:\Python27\Lib\site-packages\Crypto\SelfTest\Random\test_rpoolcompat.pyc".
Removing "C:\Python27\Lib\site-packages\Crypto\SelfTest\Random\__init__.pyc".
Removing "C:\Python27\Lib\site-packages\Crypto\SelfTest\Random\Fortuna\test_FortunaAccumulator.pyc".
Removing "C:\Python27\Lib\site-packages\Crypto\SelfTest\Random\Fortuna\test_FortunaGenerator.pyc".
Removing "C:\Python27\Lib\site-packages\Crypto\SelfTest\Random\Fortuna\test_SHAd256.pyc".
Removing "C:\Python27\Lib\site-packages\Crypto\SelfTest\Random\Fortuna\__init__.pyc".
Removing "C:\Python27\Lib\site-packages\Crypto\SelfTest\Random\OSRNG\test_fallback.pyc".
Removing "C:\Python27\Lib\site-packages\Crypto\SelfTest\Random\OSRNG\test_generic.pyc".
Removing "C:\Python27\Lib\site-packages\Crypto\SelfTest\Random\OSRNG\test_nt.pyc".
Removing "C:\Python27\Lib\site-packages\Crypto\SelfTest\Random\OSRNG\test_posix.pyc".
Removing "C:\Python27\Lib\site-packages\Crypto\SelfTest\Random\OSRNG\test_winrandom.pyc".
Removing "C:\Python27\Lib\site-packages\Crypto\SelfTest\Random\OSRNG\__init__.pyc".
Removing "C:\Python27\Lib\site-packages\Crypto\SelfTest\Signature\test_pkcs1_15.pyc".
Removing "C:\Python27\Lib\site-packages\Crypto\SelfTest\Signature\test_pkcs1_pss.pyc".
Removing "C:\Python27\Lib\site-packages\Crypto\SelfTest\Signature\__init__.pyc".
Removing "C:\Python27\Lib\site-packages\Crypto\SelfTest\Util\test_asn1.pyc".
Removing "C:\Python27\Lib\site-packages\Crypto\SelfTest\Util\test_Counter.pyc".
Removing "C:\Python27\Lib\site-packages\Crypto\SelfTest\Util\test_number.pyc".
Removing "C:\Python27\Lib\site-packages\Crypto\SelfTest\Util\test_winrandom.pyc".
Removing "C:\Python27\Lib\site-packages\Crypto\SelfTest\Util\__init__.pyc".
Removing "C:\Python27\Lib\site-packages\Crypto\Signature\PKCS1_PSS.pyc".
Removing "C:\Python27\Lib\site-packages\Crypto\Signature\PKCS1_v1_5.pyc".
Removing "C:\Python27\Lib\site-packages\Crypto\Signature\__init__.pyc".
Removing "C:\Python27\Lib\site-packages\Crypto\Util\asn1.pyc".
Removing "C:\Python27\Lib\site-packages\Crypto\Util\Counter.pyc".
Removing "C:\Python27\Lib\site-packages\Crypto\Util\number.pyc".
Removing "C:\Python27\Lib\site-packages\Crypto\Util\py21compat.pyc".
Removing "C:\Python27\Lib\site-packages\Crypto\Util\py3compat.pyc".
Removing "C:\Python27\Lib\site-packages\Crypto\Util\randpool.pyc".
Removing "C:\Python27\Lib\site-packages\Crypto\Util\RFC1751.pyc".
Removing "C:\Python27\Lib\site-packages\Crypto\Util\winrandom.pyc".
Removing "C:\Python27\Lib\site-packages\Crypto\Util\wrapper.pyc".
Removing "C:\Python27\Lib\site-packages\Crypto\Util\_number_new.pyc".
Removing "C:\Python27\Lib\site-packages\Crypto\Util\__init__.pyc".
Done !
Collecting .pyo files... Renaming .pyo --> .pyc ...
C:\Python27\Lib\site-packages\Crypto\pct_warnings.pyo
C:\Python27\Lib\site-packages\Crypto\__init__.pyo
C:\Python27\Lib\site-packages\Crypto\Cipher\PKCS1_OAEP.pyo
C:\Python27\Lib\site-packages\Crypto\Cipher\PKCS1_v1_5.pyo
C:\Python27\Lib\site-packages\Crypto\Cipher\__init__.pyo
C:\Python27\Lib\site-packages\Crypto\Hash\HMAC.pyo
C:\Python27\Lib\site-packages\Crypto\Hash\MD2.pyo
C:\Python27\Lib\site-packages\Crypto\Hash\MD4.pyo
C:\Python27\Lib\site-packages\Crypto\Hash\MD5.pyo
C:\Python27\Lib\site-packages\Crypto\Hash\RIPEMD.pyo
C:\Python27\Lib\site-packages\Crypto\Hash\SHA.pyo
C:\Python27\Lib\site-packages\Crypto\Hash\SHA224.pyo
C:\Python27\Lib\site-packages\Crypto\Hash\SHA256.pyo
C:\Python27\Lib\site-packages\Crypto\Hash\SHA384.pyo
C:\Python27\Lib\site-packages\Crypto\Hash\SHA512.pyo
C:\Python27\Lib\site-packages\Crypto\Hash\__init__.pyo
C:\Python27\Lib\site-packages\Crypto\Protocol\AllOrNothing.pyo
C:\Python27\Lib\site-packages\Crypto\Protocol\Chaffing.pyo
C:\Python27\Lib\site-packages\Crypto\Protocol\KDF.pyo
C:\Python27\Lib\site-packages\Crypto\Protocol\__init__.pyo
C:\Python27\Lib\site-packages\Crypto\PublicKey\DSA.pyo
C:\Python27\Lib\site-packages\Crypto\PublicKey\ElGamal.pyo
C:\Python27\Lib\site-packages\Crypto\PublicKey\pubkey.pyo
C:\Python27\Lib\site-packages\Crypto\PublicKey\qNEW.pyo
C:\Python27\Lib\site-packages\Crypto\PublicKey\RSA.pyo
C:\Python27\Lib\site-packages\Crypto\PublicKey\_DSA.pyo
C:\Python27\Lib\site-packages\Crypto\PublicKey\_RSA.pyo
C:\Python27\Lib\site-packages\Crypto\PublicKey\_slowmath.pyo
C:\Python27\Lib\site-packages\Crypto\PublicKey\__init__.pyo
C:\Python27\Lib\site-packages\Crypto\Random\random.pyo
C:\Python27\Lib\site-packages\Crypto\Random\_UserFriendlyRNG.pyo
C:\Python27\Lib\site-packages\Crypto\Random\__init__.pyo
C:\Python27\Lib\site-packages\Crypto\Random\Fortuna\FortunaAccumulator.pyo
C:\Python27\Lib\site-packages\Crypto\Random\Fortuna\FortunaGenerator.pyo
C:\Python27\Lib\site-packages\Crypto\Random\Fortuna\SHAd256.pyo
C:\Python27\Lib\site-packages\Crypto\Random\Fortuna\__init__.pyo
C:\Python27\Lib\site-packages\Crypto\Random\OSRNG\fallback.pyo
C:\Python27\Lib\site-packages\Crypto\Random\OSRNG\nt.pyo
C:\Python27\Lib\site-packages\Crypto\Random\OSRNG\posix.pyo
C:\Python27\Lib\site-packages\Crypto\Random\OSRNG\rng_base.pyo
C:\Python27\Lib\site-packages\Crypto\Random\OSRNG\__init__.pyo
C:\Python27\Lib\site-packages\Crypto\SelfTest\st_common.pyo
C:\Python27\Lib\site-packages\Crypto\SelfTest\__init__.pyo
C:\Python27\Lib\site-packages\Crypto\SelfTest\Cipher\common.pyo
C:\Python27\Lib\site-packages\Crypto\SelfTest\Cipher\test_AES.pyo
C:\Python27\Lib\site-packages\Crypto\SelfTest\Cipher\test_ARC2.pyo
C:\Python27\Lib\site-packages\Crypto\SelfTest\Cipher\test_ARC4.pyo
C:\Python27\Lib\site-packages\Crypto\SelfTest\Cipher\test_Blowfish.pyo
C:\Python27\Lib\site-packages\Crypto\SelfTest\Cipher\test_CAST.pyo
C:\Python27\Lib\site-packages\Crypto\SelfTest\Cipher\test_DES.pyo
C:\Python27\Lib\site-packages\Crypto\SelfTest\Cipher\test_DES3.pyo
C:\Python27\Lib\site-packages\Crypto\SelfTest\Cipher\test_pkcs1_15.pyo
C:\Python27\Lib\site-packages\Crypto\SelfTest\Cipher\test_pkcs1_oaep.pyo
C:\Python27\Lib\site-packages\Crypto\SelfTest\Cipher\test_XOR.pyo
C:\Python27\Lib\site-packages\Crypto\SelfTest\Cipher\__init__.pyo
C:\Python27\Lib\site-packages\Crypto\SelfTest\Hash\common.pyo
C:\Python27\Lib\site-packages\Crypto\SelfTest\Hash\test_HMAC.pyo
C:\Python27\Lib\site-packages\Crypto\SelfTest\Hash\test_MD2.pyo
C:\Python27\Lib\site-packages\Crypto\SelfTest\Hash\test_MD4.pyo
C:\Python27\Lib\site-packages\Crypto\SelfTest\Hash\test_MD5.pyo
C:\Python27\Lib\site-packages\Crypto\SelfTest\Hash\test_RIPEMD.pyo
C:\Python27\Lib\site-packages\Crypto\SelfTest\Hash\test_SHA.pyo
C:\Python27\Lib\site-packages\Crypto\SelfTest\Hash\test_SHA224.pyo
C:\Python27\Lib\site-packages\Crypto\SelfTest\Hash\test_SHA256.pyo
C:\Python27\Lib\site-packages\Crypto\SelfTest\Hash\test_SHA384.pyo
C:\Python27\Lib\site-packages\Crypto\SelfTest\Hash\test_SHA512.pyo
C:\Python27\Lib\site-packages\Crypto\SelfTest\Hash\__init__.pyo
C:\Python27\Lib\site-packages\Crypto\SelfTest\Protocol\test_AllOrNothing.pyo
C:\Python27\Lib\site-packages\Crypto\SelfTest\Protocol\test_chaffing.pyo
C:\Python27\Lib\site-packages\Crypto\SelfTest\Protocol\test_KDF.pyo
C:\Python27\Lib\site-packages\Crypto\SelfTest\Protocol\test_rfc1751.pyo
C:\Python27\Lib\site-packages\Crypto\SelfTest\Protocol\__init__.pyo
C:\Python27\Lib\site-packages\Crypto\SelfTest\PublicKey\test_DSA.pyo
C:\Python27\Lib\site-packages\Crypto\SelfTest\PublicKey\test_importKey.pyo
C:\Python27\Lib\site-packages\Crypto\SelfTest\PublicKey\test_RSA.pyo
C:\Python27\Lib\site-packages\Crypto\SelfTest\PublicKey\__init__.pyo
C:\Python27\Lib\site-packages\Crypto\SelfTest\Random\test_random.pyo
C:\Python27\Lib\site-packages\Crypto\SelfTest\Random\test_rpoolcompat.pyo
C:\Python27\Lib\site-packages\Crypto\SelfTest\Random\__init__.pyo
C:\Python27\Lib\site-packages\Crypto\SelfTest\Random\Fortuna\test_FortunaAccumulator.pyo
C:\Python27\Lib\site-packages\Crypto\SelfTest\Random\Fortuna\test_FortunaGenerator.pyo
C:\Python27\Lib\site-packages\Crypto\SelfTest\Random\Fortuna\test_SHAd256.pyo
C:\Python27\Lib\site-packages\Crypto\SelfTest\Random\Fortuna\__init__.pyo
C:\Python27\Lib\site-packages\Crypto\SelfTest\Random\OSRNG\test_fallback.pyo
C:\Python27\Lib\site-packages\Crypto\SelfTest\Random\OSRNG\test_generic.pyo
C:\Python27\Lib\site-packages\Crypto\SelfTest\Random\OSRNG\test_nt.pyo
C:\Python27\Lib\site-packages\Crypto\SelfTest\Random\OSRNG\test_posix.pyo
C:\Python27\Lib\site-packages\Crypto\SelfTest\Random\OSRNG\test_winrandom.pyo
C:\Python27\Lib\site-packages\Crypto\SelfTest\Random\OSRNG\__init__.pyo
C:\Python27\Lib\site-packages\Crypto\SelfTest\Signature\test_pkcs1_15.pyo
C:\Python27\Lib\site-packages\Crypto\SelfTest\Signature\test_pkcs1_pss.pyo
C:\Python27\Lib\site-packages\Crypto\SelfTest\Signature\__init__.pyo
C:\Python27\Lib\site-packages\Crypto\SelfTest\Util\test_asn1.pyo
C:\Python27\Lib\site-packages\Crypto\SelfTest\Util\test_Counter.pyo
C:\Python27\Lib\site-packages\Crypto\SelfTest\Util\test_number.pyo
C:\Python27\Lib\site-packages\Crypto\SelfTest\Util\test_winrandom.pyo
C:\Python27\Lib\site-packages\Crypto\SelfTest\Util\__init__.pyo
C:\Python27\Lib\site-packages\Crypto\Signature\PKCS1_PSS.pyo
C:\Python27\Lib\site-packages\Crypto\Signature\PKCS1_v1_5.pyo
C:\Python27\Lib\site-packages\Crypto\Signature\__init__.pyo
C:\Python27\Lib\site-packages\Crypto\Util\asn1.pyo
C:\Python27\Lib\site-packages\Crypto\Util\Counter.pyo
C:\Python27\Lib\site-packages\Crypto\Util\number.pyo
C:\Python27\Lib\site-packages\Crypto\Util\py21compat.pyo
C:\Python27\Lib\site-packages\Crypto\Util\py3compat.pyo
C:\Python27\Lib\site-packages\Crypto\Util\randpool.pyo
C:\Python27\Lib\site-packages\Crypto\Util\RFC1751.pyo
C:\Python27\Lib\site-packages\Crypto\Util\winrandom.pyo
C:\Python27\Lib\site-packages\Crypto\Util\wrapper.pyo
C:\Python27\Lib\site-packages\Crypto\Util\_number_new.pyo
C:\Python27\Lib\site-packages\Crypto\Util\__init__.pyo Rrenaming "C:\Python27\Lib\site-packages\Crypto\pct_warnings.pyo" --> "C:\Python27\Lib\site-packages\Crypto\pct_warnings.pyc".
Rrenaming "C:\Python27\Lib\site-packages\Crypto\__init__.pyo" --> "C:\Python27\Lib\site-packages\Crypto\__init__.pyc".
Rrenaming "C:\Python27\Lib\site-packages\Crypto\Cipher\PKCS1_OAEP.pyo" --> "C:\Python27\Lib\site-packages\Crypto\Cipher\PKCS1_OAEP.pyc".
Rrenaming "C:\Python27\Lib\site-packages\Crypto\Cipher\PKCS1_v1_5.pyo" --> "C:\Python27\Lib\site-packages\Crypto\Cipher\PKCS1_v1_5.pyc".
Rrenaming "C:\Python27\Lib\site-packages\Crypto\Cipher\__init__.pyo" --> "C:\Python27\Lib\site-packages\Crypto\Cipher\__init__.pyc".
Rrenaming "C:\Python27\Lib\site-packages\Crypto\Hash\HMAC.pyo" --> "C:\Python27\Lib\site-packages\Crypto\Hash\HMAC.pyc".
Rrenaming "C:\Python27\Lib\site-packages\Crypto\Hash\MD2.pyo" --> "C:\Python27\Lib\site-packages\Crypto\Hash\MD2.pyc".
Rrenaming "C:\Python27\Lib\site-packages\Crypto\Hash\MD4.pyo" --> "C:\Python27\Lib\site-packages\Crypto\Hash\MD4.pyc".
Rrenaming "C:\Python27\Lib\site-packages\Crypto\Hash\MD5.pyo" --> "C:\Python27\Lib\site-packages\Crypto\Hash\MD5.pyc".
Rrenaming "C:\Python27\Lib\site-packages\Crypto\Hash\RIPEMD.pyo" --> "C:\Python27\Lib\site-packages\Crypto\Hash\RIPEMD.pyc".
Rrenaming "C:\Python27\Lib\site-packages\Crypto\Hash\SHA.pyo" --> "C:\Python27\Lib\site-packages\Crypto\Hash\SHA.pyc".
Rrenaming "C:\Python27\Lib\site-packages\Crypto\Hash\SHA224.pyo" --> "C:\Python27\Lib\site-packages\Crypto\Hash\SHA224.pyc".
Rrenaming "C:\Python27\Lib\site-packages\Crypto\Hash\SHA256.pyo" --> "C:\Python27\Lib\site-packages\Crypto\Hash\SHA256.pyc".
Rrenaming "C:\Python27\Lib\site-packages\Crypto\Hash\SHA384.pyo" --> "C:\Python27\Lib\site-packages\Crypto\Hash\SHA384.pyc".
Rrenaming "C:\Python27\Lib\site-packages\Crypto\Hash\SHA512.pyo" --> "C:\Python27\Lib\site-packages\Crypto\Hash\SHA512.pyc".
Rrenaming "C:\Python27\Lib\site-packages\Crypto\Hash\__init__.pyo" --> "C:\Python27\Lib\site-packages\Crypto\Hash\__init__.pyc".
Rrenaming "C:\Python27\Lib\site-packages\Crypto\Protocol\AllOrNothing.pyo" --> "C:\Python27\Lib\site-packages\Crypto\Protocol\AllOrNothing.pyc".
Rrenaming "C:\Python27\Lib\site-packages\Crypto\Protocol\Chaffing.pyo" --> "C:\Python27\Lib\site-packages\Crypto\Protocol\Chaffing.pyc".
Rrenaming "C:\Python27\Lib\site-packages\Crypto\Protocol\KDF.pyo" --> "C:\Python27\Lib\site-packages\Crypto\Protocol\KDF.pyc".
Rrenaming "C:\Python27\Lib\site-packages\Crypto\Protocol\__init__.pyo" --> "C:\Python27\Lib\site-packages\Crypto\Protocol\__init__.pyc".
Rrenaming "C:\Python27\Lib\site-packages\Crypto\PublicKey\DSA.pyo" --> "C:\Python27\Lib\site-packages\Crypto\PublicKey\DSA.pyc".
Rrenaming "C:\Python27\Lib\site-packages\Crypto\PublicKey\ElGamal.pyo" --> "C:\Python27\Lib\site-packages\Crypto\PublicKey\ElGamal.pyc".
Rrenaming "C:\Python27\Lib\site-packages\Crypto\PublicKey\pubkey.pyo" --> "C:\Python27\Lib\site-packages\Crypto\PublicKey\pubkey.pyc".
Rrenaming "C:\Python27\Lib\site-packages\Crypto\PublicKey\qNEW.pyo" --> "C:\Python27\Lib\site-packages\Crypto\PublicKey\qNEW.pyc".
Rrenaming "C:\Python27\Lib\site-packages\Crypto\PublicKey\RSA.pyo" --> "C:\Python27\Lib\site-packages\Crypto\PublicKey\RSA.pyc".
Rrenaming "C:\Python27\Lib\site-packages\Crypto\PublicKey\_DSA.pyo" --> "C:\Python27\Lib\site-packages\Crypto\PublicKey\_DSA.pyc".
Rrenaming "C:\Python27\Lib\site-packages\Crypto\PublicKey\_RSA.pyo" --> "C:\Python27\Lib\site-packages\Crypto\PublicKey\_RSA.pyc".
Rrenaming "C:\Python27\Lib\site-packages\Crypto\PublicKey\_slowmath.pyo" --> "C:\Python27\Lib\site-packages\Crypto\PublicKey\_slowmath.pyc".
Rrenaming "C:\Python27\Lib\site-packages\Crypto\PublicKey\__init__.pyo" --> "C:\Python27\Lib\site-packages\Crypto\PublicKey\__init__.pyc".
Rrenaming "C:\Python27\Lib\site-packages\Crypto\Random\random.pyo" --> "C:\Python27\Lib\site-packages\Crypto\Random\random.pyc".
Rrenaming "C:\Python27\Lib\site-packages\Crypto\Random\_UserFriendlyRNG.pyo" --> "C:\Python27\Lib\site-packages\Crypto\Random\_UserFriendlyRNG.pyc".
Rrenaming "C:\Python27\Lib\site-packages\Crypto\Random\__init__.pyo" --> "C:\Python27\Lib\site-packages\Crypto\Random\__init__.pyc".
Rrenaming "C:\Python27\Lib\site-packages\Crypto\Random\Fortuna\FortunaAccumulator.pyo" --> "C:\Python27\Lib\site-packages\Crypto\Random\Fortuna\FortunaAccumulator.pyc".
Rrenaming "C:\Python27\Lib\site-packages\Crypto\Random\Fortuna\FortunaGenerator.pyo" --> "C:\Python27\Lib\site-packages\Crypto\Random\Fortuna\FortunaGenerator.pyc".
Rrenaming "C:\Python27\Lib\site-packages\Crypto\Random\Fortuna\SHAd256.pyo" --> "C:\Python27\Lib\site-packages\Crypto\Random\Fortuna\SHAd256.pyc".
Rrenaming "C:\Python27\Lib\site-packages\Crypto\Random\Fortuna\__init__.pyo" --> "C:\Python27\Lib\site-packages\Crypto\Random\Fortuna\__init__.pyc".
Rrenaming "C:\Python27\Lib\site-packages\Crypto\Random\OSRNG\fallback.pyo" --> "C:\Python27\Lib\site-packages\Crypto\Random\OSRNG\fallback.pyc".
Rrenaming "C:\Python27\Lib\site-packages\Crypto\Random\OSRNG\nt.pyo" --> "C:\Python27\Lib\site-packages\Crypto\Random\OSRNG\nt.pyc".
Rrenaming "C:\Python27\Lib\site-packages\Crypto\Random\OSRNG\posix.pyo" --> "C:\Python27\Lib\site-packages\Crypto\Random\OSRNG\posix.pyc".
Rrenaming "C:\Python27\Lib\site-packages\Crypto\Random\OSRNG\rng_base.pyo" --> "C:\Python27\Lib\site-packages\Crypto\Random\OSRNG\rng_base.pyc".
Rrenaming "C:\Python27\Lib\site-packages\Crypto\Random\OSRNG\__init__.pyo" --> "C:\Python27\Lib\site-packages\Crypto\Random\OSRNG\__init__.pyc".
Rrenaming "C:\Python27\Lib\site-packages\Crypto\SelfTest\st_common.pyo" --> "C:\Python27\Lib\site-packages\Crypto\SelfTest\st_common.pyc".
Rrenaming "C:\Python27\Lib\site-packages\Crypto\SelfTest\__init__.pyo" --> "C:\Python27\Lib\site-packages\Crypto\SelfTest\__init__.pyc".
Rrenaming "C:\Python27\Lib\site-packages\Crypto\SelfTest\Cipher\common.pyo" --> "C:\Python27\Lib\site-packages\Crypto\SelfTest\Cipher\common.pyc".
Rrenaming "C:\Python27\Lib\site-packages\Crypto\SelfTest\Cipher\test_AES.pyo" --> "C:\Python27\Lib\site-packages\Crypto\SelfTest\Cipher\test_AES.pyc".
Rrenaming "C:\Python27\Lib\site-packages\Crypto\SelfTest\Cipher\test_ARC2.pyo" --> "C:\Python27\Lib\site-packages\Crypto\SelfTest\Cipher\test_ARC2.pyc".
Rrenaming "C:\Python27\Lib\site-packages\Crypto\SelfTest\Cipher\test_ARC4.pyo" --> "C:\Python27\Lib\site-packages\Crypto\SelfTest\Cipher\test_ARC4.pyc".
Rrenaming "C:\Python27\Lib\site-packages\Crypto\SelfTest\Cipher\test_Blowfish.pyo" --> "C:\Python27\Lib\site-packages\Crypto\SelfTest\Cipher\test_Blowfish.pyc".
Rrenaming "C:\Python27\Lib\site-packages\Crypto\SelfTest\Cipher\test_CAST.pyo" --> "C:\Python27\Lib\site-packages\Crypto\SelfTest\Cipher\test_CAST.pyc".
Rrenaming "C:\Python27\Lib\site-packages\Crypto\SelfTest\Cipher\test_DES.pyo" --> "C:\Python27\Lib\site-packages\Crypto\SelfTest\Cipher\test_DES.pyc".
Rrenaming "C:\Python27\Lib\site-packages\Crypto\SelfTest\Cipher\test_DES3.pyo" --> "C:\Python27\Lib\site-packages\Crypto\SelfTest\Cipher\test_DES3.pyc".
Rrenaming "C:\Python27\Lib\site-packages\Crypto\SelfTest\Cipher\test_pkcs1_15.pyo" --> "C:\Python27\Lib\site-packages\Crypto\SelfTest\Cipher\test_pkcs1_15.pyc".
Rrenaming "C:\Python27\Lib\site-packages\Crypto\SelfTest\Cipher\test_pkcs1_oaep.pyo" --> "C:\Python27\Lib\site-packages\Crypto\SelfTest\Cipher\test_pkcs1_oaep.pyc".
Rrenaming "C:\Python27\Lib\site-packages\Crypto\SelfTest\Cipher\test_XOR.pyo" --> "C:\Python27\Lib\site-packages\Crypto\SelfTest\Cipher\test_XOR.pyc".
Rrenaming "C:\Python27\Lib\site-packages\Crypto\SelfTest\Cipher\__init__.pyo" --> "C:\Python27\Lib\site-packages\Crypto\SelfTest\Cipher\__init__.pyc".
Rrenaming "C:\Python27\Lib\site-packages\Crypto\SelfTest\Hash\common.pyo" --> "C:\Python27\Lib\site-packages\Crypto\SelfTest\Hash\common.pyc".
Rrenaming "C:\Python27\Lib\site-packages\Crypto\SelfTest\Hash\test_HMAC.pyo" --> "C:\Python27\Lib\site-packages\Crypto\SelfTest\Hash\test_HMAC.pyc".
Rrenaming "C:\Python27\Lib\site-packages\Crypto\SelfTest\Hash\test_MD2.pyo" --> "C:\Python27\Lib\site-packages\Crypto\SelfTest\Hash\test_MD2.pyc".
Rrenaming "C:\Python27\Lib\site-packages\Crypto\SelfTest\Hash\test_MD4.pyo" --> "C:\Python27\Lib\site-packages\Crypto\SelfTest\Hash\test_MD4.pyc".
Rrenaming "C:\Python27\Lib\site-packages\Crypto\SelfTest\Hash\test_MD5.pyo" --> "C:\Python27\Lib\site-packages\Crypto\SelfTest\Hash\test_MD5.pyc".
Rrenaming "C:\Python27\Lib\site-packages\Crypto\SelfTest\Hash\test_RIPEMD.pyo" --> "C:\Python27\Lib\site-packages\Crypto\SelfTest\Hash\test_RIPEMD.pyc".
Rrenaming "C:\Python27\Lib\site-packages\Crypto\SelfTest\Hash\test_SHA.pyo" --> "C:\Python27\Lib\site-packages\Crypto\SelfTest\Hash\test_SHA.pyc".
Rrenaming "C:\Python27\Lib\site-packages\Crypto\SelfTest\Hash\test_SHA224.pyo" --> "C:\Python27\Lib\site-packages\Crypto\SelfTest\Hash\test_SHA224.pyc".
Rrenaming "C:\Python27\Lib\site-packages\Crypto\SelfTest\Hash\test_SHA256.pyo" --> "C:\Python27\Lib\site-packages\Crypto\SelfTest\Hash\test_SHA256.pyc".
Rrenaming "C:\Python27\Lib\site-packages\Crypto\SelfTest\Hash\test_SHA384.pyo" --> "C:\Python27\Lib\site-packages\Crypto\SelfTest\Hash\test_SHA384.pyc".
Rrenaming "C:\Python27\Lib\site-packages\Crypto\SelfTest\Hash\test_SHA512.pyo" --> "C:\Python27\Lib\site-packages\Crypto\SelfTest\Hash\test_SHA512.pyc".
Rrenaming "C:\Python27\Lib\site-packages\Crypto\SelfTest\Hash\__init__.pyo" --> "C:\Python27\Lib\site-packages\Crypto\SelfTest\Hash\__init__.pyc".
Rrenaming "C:\Python27\Lib\site-packages\Crypto\SelfTest\Protocol\test_AllOrNothing.pyo" --> "C:\Python27\Lib\site-packages\Crypto\SelfTest\Protocol\test_AllOrNothing.pyc".
Rrenaming "C:\Python27\Lib\site-packages\Crypto\SelfTest\Protocol\test_chaffing.pyo" --> "C:\Python27\Lib\site-packages\Crypto\SelfTest\Protocol\test_chaffing.pyc".
Rrenaming "C:\Python27\Lib\site-packages\Crypto\SelfTest\Protocol\test_KDF.pyo" --> "C:\Python27\Lib\site-packages\Crypto\SelfTest\Protocol\test_KDF.pyc".
Rrenaming "C:\Python27\Lib\site-packages\Crypto\SelfTest\Protocol\test_rfc1751.pyo" --> "C:\Python27\Lib\site-packages\Crypto\SelfTest\Protocol\test_rfc1751.pyc".
Rrenaming "C:\Python27\Lib\site-packages\Crypto\SelfTest\Protocol\__init__.pyo" --> "C:\Python27\Lib\site-packages\Crypto\SelfTest\Protocol\__init__.pyc".
Rrenaming "C:\Python27\Lib\site-packages\Crypto\SelfTest\PublicKey\test_DSA.pyo" --> "C:\Python27\Lib\site-packages\Crypto\SelfTest\PublicKey\test_DSA.pyc".
Rrenaming "C:\Python27\Lib\site-packages\Crypto\SelfTest\PublicKey\test_importKey.pyo" --> "C:\Python27\Lib\site-packages\Crypto\SelfTest\PublicKey\test_importKey.pyc".
Rrenaming "C:\Python27\Lib\site-packages\Crypto\SelfTest\PublicKey\test_RSA.pyo" --> "C:\Python27\Lib\site-packages\Crypto\SelfTest\PublicKey\test_RSA.pyc".
Rrenaming "C:\Python27\Lib\site-packages\Crypto\SelfTest\PublicKey\__init__.pyo" --> "C:\Python27\Lib\site-packages\Crypto\SelfTest\PublicKey\__init__.pyc".
Rrenaming "C:\Python27\Lib\site-packages\Crypto\SelfTest\Random\test_random.pyo" --> "C:\Python27\Lib\site-packages\Crypto\SelfTest\Random\test_random.pyc".
Rrenaming "C:\Python27\Lib\site-packages\Crypto\SelfTest\Random\test_rpoolcompat.pyo" --> "C:\Python27\Lib\site-packages\Crypto\SelfTest\Random\test_rpoolcompat.pyc".
Rrenaming "C:\Python27\Lib\site-packages\Crypto\SelfTest\Random\__init__.pyo" --> "C:\Python27\Lib\site-packages\Crypto\SelfTest\Random\__init__.pyc".
Rrenaming "C:\Python27\Lib\site-packages\Crypto\SelfTest\Random\Fortuna\test_FortunaAccumulator.pyo" --> "C:\Python27\Lib\site-packages\Crypto\SelfTest\Random\Fortuna\test_FortunaAccumulator.pyc".
Rrenaming "C:\Python27\Lib\site-packages\Crypto\SelfTest\Random\Fortuna\test_FortunaGenerator.pyo" --> "C:\Python27\Lib\site-packages\Crypto\SelfTest\Random\Fortuna\test_FortunaGenerator.pyc".
Rrenaming "C:\Python27\Lib\site-packages\Crypto\SelfTest\Random\Fortuna\test_SHAd256.pyo" --> "C:\Python27\Lib\site-packages\Crypto\SelfTest\Random\Fortuna\test_SHAd256.pyc".
Rrenaming "C:\Python27\Lib\site-packages\Crypto\SelfTest\Random\Fortuna\__init__.pyo" --> "C:\Python27\Lib\site-packages\Crypto\SelfTest\Random\Fortuna\__init__.pyc".
Rrenaming "C:\Python27\Lib\site-packages\Crypto\SelfTest\Random\OSRNG\test_fallback.pyo" --> "C:\Python27\Lib\site-packages\Crypto\SelfTest\Random\OSRNG\test_fallback.pyc".
Rrenaming "C:\Python27\Lib\site-packages\Crypto\SelfTest\Random\OSRNG\test_generic.pyo" --> "C:\Python27\Lib\site-packages\Crypto\SelfTest\Random\OSRNG\test_generic.pyc".
Rrenaming "C:\Python27\Lib\site-packages\Crypto\SelfTest\Random\OSRNG\test_nt.pyo" --> "C:\Python27\Lib\site-packages\Crypto\SelfTest\Random\OSRNG\test_nt.pyc".
Rrenaming "C:\Python27\Lib\site-packages\Crypto\SelfTest\Random\OSRNG\test_posix.pyo" --> "C:\Python27\Lib\site-packages\Crypto\SelfTest\Random\OSRNG\test_posix.pyc".
Rrenaming "C:\Python27\Lib\site-packages\Crypto\SelfTest\Random\OSRNG\test_winrandom.pyo" --> "C:\Python27\Lib\site-packages\Crypto\SelfTest\Random\OSRNG\test_winrandom.pyc".
Rrenaming "C:\Python27\Lib\site-packages\Crypto\SelfTest\Random\OSRNG\__init__.pyo" --> "C:\Python27\Lib\site-packages\Crypto\SelfTest\Random\OSRNG\__init__.pyc".
Rrenaming "C:\Python27\Lib\site-packages\Crypto\SelfTest\Signature\test_pkcs1_15.pyo" --> "C:\Python27\Lib\site-packages\Crypto\SelfTest\Signature\test_pkcs1_15.pyc".
Rrenaming "C:\Python27\Lib\site-packages\Crypto\SelfTest\Signature\test_pkcs1_pss.pyo" --> "C:\Python27\Lib\site-packages\Crypto\SelfTest\Signature\test_pkcs1_pss.pyc".
Rrenaming "C:\Python27\Lib\site-packages\Crypto\SelfTest\Signature\__init__.pyo" --> "C:\Python27\Lib\site-packages\Crypto\SelfTest\Signature\__init__.pyc".
Rrenaming "C:\Python27\Lib\site-packages\Crypto\SelfTest\Util\test_asn1.pyo" --> "C:\Python27\Lib\site-packages\Crypto\SelfTest\Util\test_asn1.pyc".
Rrenaming "C:\Python27\Lib\site-packages\Crypto\SelfTest\Util\test_Counter.pyo" --> "C:\Python27\Lib\site-packages\Crypto\SelfTest\Util\test_Counter.pyc".
Rrenaming "C:\Python27\Lib\site-packages\Crypto\SelfTest\Util\test_number.pyo" --> "C:\Python27\Lib\site-packages\Crypto\SelfTest\Util\test_number.pyc".
Rrenaming "C:\Python27\Lib\site-packages\Crypto\SelfTest\Util\test_winrandom.pyo" --> "C:\Python27\Lib\site-packages\Crypto\SelfTest\Util\test_winrandom.pyc".
Rrenaming "C:\Python27\Lib\site-packages\Crypto\SelfTest\Util\__init__.pyo" --> "C:\Python27\Lib\site-packages\Crypto\SelfTest\Util\__init__.pyc".
Rrenaming "C:\Python27\Lib\site-packages\Crypto\Signature\PKCS1_PSS.pyo" --> "C:\Python27\Lib\site-packages\Crypto\Signature\PKCS1_PSS.pyc".
Rrenaming "C:\Python27\Lib\site-packages\Crypto\Signature\PKCS1_v1_5.pyo" --> "C:\Python27\Lib\site-packages\Crypto\Signature\PKCS1_v1_5.pyc".
Rrenaming "C:\Python27\Lib\site-packages\Crypto\Signature\__init__.pyo" --> "C:\Python27\Lib\site-packages\Crypto\Signature\__init__.pyc".
Rrenaming "C:\Python27\Lib\site-packages\Crypto\Util\asn1.pyo" --> "C:\Python27\Lib\site-packages\Crypto\Util\asn1.pyc".
Rrenaming "C:\Python27\Lib\site-packages\Crypto\Util\Counter.pyo" --> "C:\Python27\Lib\site-packages\Crypto\Util\Counter.pyc".
Rrenaming "C:\Python27\Lib\site-packages\Crypto\Util\number.pyo" --> "C:\Python27\Lib\site-packages\Crypto\Util\number.pyc".
Rrenaming "C:\Python27\Lib\site-packages\Crypto\Util\py21compat.pyo" --> "C:\Python27\Lib\site-packages\Crypto\Util\py21compat.pyc".
Rrenaming "C:\Python27\Lib\site-packages\Crypto\Util\py3compat.pyo" --> "C:\Python27\Lib\site-packages\Crypto\Util\py3compat.pyc".
Rrenaming "C:\Python27\Lib\site-packages\Crypto\Util\randpool.pyo" --> "C:\Python27\Lib\site-packages\Crypto\Util\randpool.pyc".
Rrenaming "C:\Python27\Lib\site-packages\Crypto\Util\RFC1751.pyo" --> "C:\Python27\Lib\site-packages\Crypto\Util\RFC1751.pyc".
Rrenaming "C:\Python27\Lib\site-packages\Crypto\Util\winrandom.pyo" --> "C:\Python27\Lib\site-packages\Crypto\Util\winrandom.pyc".
Rrenaming "C:\Python27\Lib\site-packages\Crypto\Util\wrapper.pyo" --> "C:\Python27\Lib\site-packages\Crypto\Util\wrapper.pyc".
Rrenaming "C:\Python27\Lib\site-packages\Crypto\Util\_number_new.pyo" --> "C:\Python27\Lib\site-packages\Crypto\Util\_number_new.pyc".
Rrenaming "C:\Python27\Lib\site-packages\Crypto\Util\__init__.pyo" --> "C:\Python27\Lib\site-packages\Crypto\Util\__init__.pyc".
Done !
Making dist folder... Done !
Collecting .pyc files again...
INFO: _use_zipfile=True
Moving .pyc --> "J:\@Vyper Logix Corp\@Projects\python-projects\@lib\12-13-2011-01\dist_2.7\Crypto_2_7.zip" ...
	Adding C:\Python27\Lib\site-packages\Crypto\pct_warnings.pyc --> "\Crypto\pct_warnings.pyc" ...
	Adding C:\Python27\Lib\site-packages\Crypto\__init__.pyc --> "\Crypto\__init__.pyc" ...
	Adding C:\Python27\Lib\site-packages\Crypto\Cipher\AES.pyd --> "\Crypto\Cipher\AES.pyd" ...
	Adding C:\Python27\Lib\site-packages\Crypto\Cipher\ARC2.pyd --> "\Crypto\Cipher\ARC2.pyd" ...
	Adding C:\Python27\Lib\site-packages\Crypto\Cipher\ARC4.pyd --> "\Crypto\Cipher\ARC4.pyd" ...
	Adding C:\Python27\Lib\site-packages\Crypto\Cipher\Blowfish.pyd --> "\Crypto\Cipher\Blowfish.pyd" ...
	Adding C:\Python27\Lib\site-packages\Crypto\Cipher\CAST.pyd --> "\Crypto\Cipher\CAST.pyd" ...
	Adding C:\Python27\Lib\site-packages\Crypto\Cipher\DES.pyd --> "\Crypto\Cipher\DES.pyd" ...
	Adding C:\Python27\Lib\site-packages\Crypto\Cipher\DES3.pyd --> "\Crypto\Cipher\DES3.pyd" ...
	Adding C:\Python27\Lib\site-packages\Crypto\Cipher\PKCS1_OAEP.pyc --> "\Crypto\Cipher\PKCS1_OAEP.pyc" ...
	Adding C:\Python27\Lib\site-packages\Crypto\Cipher\PKCS1_v1_5.pyc --> "\Crypto\Cipher\PKCS1_v1_5.pyc" ...
	Adding C:\Python27\Lib\site-packages\Crypto\Cipher\XOR.pyd --> "\Crypto\Cipher\XOR.pyd" ...
	Adding C:\Python27\Lib\site-packages\Crypto\Cipher\__init__.pyc --> "\Crypto\Cipher\__init__.pyc" ...
	Adding C:\Python27\Lib\site-packages\Crypto\Hash\HMAC.pyc --> "\Crypto\Hash\HMAC.pyc" ...
	Adding C:\Python27\Lib\site-packages\Crypto\Hash\MD2.pyc --> "\Crypto\Hash\MD2.pyc" ...
	Adding C:\Python27\Lib\site-packages\Crypto\Hash\MD4.pyc --> "\Crypto\Hash\MD4.pyc" ...
	Adding C:\Python27\Lib\site-packages\Crypto\Hash\MD5.pyc --> "\Crypto\Hash\MD5.pyc" ...
	Adding C:\Python27\Lib\site-packages\Crypto\Hash\RIPEMD.pyc --> "\Crypto\Hash\RIPEMD.pyc" ...
	Adding C:\Python27\Lib\site-packages\Crypto\Hash\SHA.pyc --> "\Crypto\Hash\SHA.pyc" ...
	Adding C:\Python27\Lib\site-packages\Crypto\Hash\SHA224.pyc --> "\Crypto\Hash\SHA224.pyc" ...
	Adding C:\Python27\Lib\site-packages\Crypto\Hash\SHA256.pyc --> "\Crypto\Hash\SHA256.pyc" ...
	Adding C:\Python27\Lib\site-packages\Crypto\Hash\SHA384.pyc --> "\Crypto\Hash\SHA384.pyc" ...
	Adding C:\Python27\Lib\site-packages\Crypto\Hash\SHA512.pyc --> "\Crypto\Hash\SHA512.pyc" ...
	Adding C:\Python27\Lib\site-packages\Crypto\Hash\_MD2.pyd --> "\Crypto\Hash\_MD2.pyd" ...
	Adding C:\Python27\Lib\site-packages\Crypto\Hash\_MD4.pyd --> "\Crypto\Hash\_MD4.pyd" ...
	Adding C:\Python27\Lib\site-packages\Crypto\Hash\_RIPEMD160.pyd --> "\Crypto\Hash\_RIPEMD160.pyd" ...
	Adding C:\Python27\Lib\site-packages\Crypto\Hash\_SHA224.pyd --> "\Crypto\Hash\_SHA224.pyd" ...
	Adding C:\Python27\Lib\site-packages\Crypto\Hash\_SHA256.pyd --> "\Crypto\Hash\_SHA256.pyd" ...
	Adding C:\Python27\Lib\site-packages\Crypto\Hash\_SHA384.pyd --> "\Crypto\Hash\_SHA384.pyd" ...
	Adding C:\Python27\Lib\site-packages\Crypto\Hash\_SHA512.pyd --> "\Crypto\Hash\_SHA512.pyd" ...
	Adding C:\Python27\Lib\site-packages\Crypto\Hash\__init__.pyc --> "\Crypto\Hash\__init__.pyc" ...
	Adding C:\Python27\Lib\site-packages\Crypto\Protocol\AllOrNothing.pyc --> "\Crypto\Protocol\AllOrNothing.pyc" ...
	Adding C:\Python27\Lib\site-packages\Crypto\Protocol\Chaffing.pyc --> "\Crypto\Protocol\Chaffing.pyc" ...
	Adding C:\Python27\Lib\site-packages\Crypto\Protocol\KDF.pyc --> "\Crypto\Protocol\KDF.pyc" ...
	Adding C:\Python27\Lib\site-packages\Crypto\Protocol\__init__.pyc --> "\Crypto\Protocol\__init__.pyc" ...
	Adding C:\Python27\Lib\site-packages\Crypto\PublicKey\DSA.pyc --> "\Crypto\PublicKey\DSA.pyc" ...
	Adding C:\Python27\Lib\site-packages\Crypto\PublicKey\ElGamal.pyc --> "\Crypto\PublicKey\ElGamal.pyc" ...
	Adding C:\Python27\Lib\site-packages\Crypto\PublicKey\pubkey.pyc --> "\Crypto\PublicKey\pubkey.pyc" ...
	Adding C:\Python27\Lib\site-packages\Crypto\PublicKey\qNEW.pyc --> "\Crypto\PublicKey\qNEW.pyc" ...
	Adding C:\Python27\Lib\site-packages\Crypto\PublicKey\RSA.pyc --> "\Crypto\PublicKey\RSA.pyc" ...
	Adding C:\Python27\Lib\site-packages\Crypto\PublicKey\_DSA.pyc --> "\Crypto\PublicKey\_DSA.pyc" ...
	Adding C:\Python27\Lib\site-packages\Crypto\PublicKey\_RSA.pyc --> "\Crypto\PublicKey\_RSA.pyc" ...
	Adding C:\Python27\Lib\site-packages\Crypto\PublicKey\_slowmath.pyc --> "\Crypto\PublicKey\_slowmath.pyc" ...
	Adding C:\Python27\Lib\site-packages\Crypto\PublicKey\__init__.pyc --> "\Crypto\PublicKey\__init__.pyc" ...
	Adding C:\Python27\Lib\site-packages\Crypto\Random\random.pyc --> "\Crypto\Random\random.pyc" ...
	Adding C:\Python27\Lib\site-packages\Crypto\Random\_UserFriendlyRNG.pyc --> "\Crypto\Random\_UserFriendlyRNG.pyc" ...
	Adding C:\Python27\Lib\site-packages\Crypto\Random\__init__.pyc --> "\Crypto\Random\__init__.pyc" ...
	Adding C:\Python27\Lib\site-packages\Crypto\Random\Fortuna\FortunaAccumulator.pyc --> "\Crypto\Random\Fortuna\FortunaAccumulator.pyc" ...
	Adding C:\Python27\Lib\site-packages\Crypto\Random\Fortuna\FortunaGenerator.pyc --> "\Crypto\Random\Fortuna\FortunaGenerator.pyc" ...
	Adding C:\Python27\Lib\site-packages\Crypto\Random\Fortuna\SHAd256.pyc --> "\Crypto\Random\Fortuna\SHAd256.pyc" ...
	Adding C:\Python27\Lib\site-packages\Crypto\Random\Fortuna\__init__.pyc --> "\Crypto\Random\Fortuna\__init__.pyc" ...
	Adding C:\Python27\Lib\site-packages\Crypto\Random\OSRNG\fallback.pyc --> "\Crypto\Random\OSRNG\fallback.pyc" ...
	Adding C:\Python27\Lib\site-packages\Crypto\Random\OSRNG\nt.pyc --> "\Crypto\Random\OSRNG\nt.pyc" ...
	Adding C:\Python27\Lib\site-packages\Crypto\Random\OSRNG\posix.pyc --> "\Crypto\Random\OSRNG\posix.pyc" ...
	Adding C:\Python27\Lib\site-packages\Crypto\Random\OSRNG\rng_base.pyc --> "\Crypto\Random\OSRNG\rng_base.pyc" ...
	Adding C:\Python27\Lib\site-packages\Crypto\Random\OSRNG\winrandom.pyd --> "\Crypto\Random\OSRNG\winrandom.pyd" ...
	Adding C:\Python27\Lib\site-packages\Crypto\Random\OSRNG\__init__.pyc --> "\Crypto\Random\OSRNG\__init__.pyc" ...
	Adding C:\Python27\Lib\site-packages\Crypto\SelfTest\st_common.pyc --> "\Crypto\SelfTest\st_common.pyc" ...
	Adding C:\Python27\Lib\site-packages\Crypto\SelfTest\__init__.pyc --> "\Crypto\SelfTest\__init__.pyc" ...
	Adding C:\Python27\Lib\site-packages\Crypto\SelfTest\Cipher\common.pyc --> "\Crypto\SelfTest\Cipher\common.pyc" ...
	Adding C:\Python27\Lib\site-packages\Crypto\SelfTest\Cipher\test_AES.pyc --> "\Crypto\SelfTest\Cipher\test_AES.pyc" ...
	Adding C:\Python27\Lib\site-packages\Crypto\SelfTest\Cipher\test_ARC2.pyc --> "\Crypto\SelfTest\Cipher\test_ARC2.pyc" ...
	Adding C:\Python27\Lib\site-packages\Crypto\SelfTest\Cipher\test_ARC4.pyc --> "\Crypto\SelfTest\Cipher\test_ARC4.pyc" ...
	Adding C:\Python27\Lib\site-packages\Crypto\SelfTest\Cipher\test_Blowfish.pyc --> "\Crypto\SelfTest\Cipher\test_Blowfish.pyc" ...
	Adding C:\Python27\Lib\site-packages\Crypto\SelfTest\Cipher\test_CAST.pyc --> "\Crypto\SelfTest\Cipher\test_CAST.pyc" ...
	Adding C:\Python27\Lib\site-packages\Crypto\SelfTest\Cipher\test_DES.pyc --> "\Crypto\SelfTest\Cipher\test_DES.pyc" ...
	Adding C:\Python27\Lib\site-packages\Crypto\SelfTest\Cipher\test_DES3.pyc --> "\Crypto\SelfTest\Cipher\test_DES3.pyc" ...
	Adding C:\Python27\Lib\site-packages\Crypto\SelfTest\Cipher\test_pkcs1_15.pyc --> "\Crypto\SelfTest\Cipher\test_pkcs1_15.pyc" ...
	Adding C:\Python27\Lib\site-packages\Crypto\SelfTest\Cipher\test_pkcs1_oaep.pyc --> "\Crypto\SelfTest\Cipher\test_pkcs1_oaep.pyc" ...
	Adding C:\Python27\Lib\site-packages\Crypto\SelfTest\Cipher\test_XOR.pyc --> "\Crypto\SelfTest\Cipher\test_XOR.pyc" ...
	Adding C:\Python27\Lib\site-packages\Crypto\SelfTest\Cipher\__init__.pyc --> "\Crypto\SelfTest\Cipher\__init__.pyc" ...
	Adding C:\Python27\Lib\site-packages\Crypto\SelfTest\Hash\common.pyc --> "\Crypto\SelfTest\Hash\common.pyc" ...
	Adding C:\Python27\Lib\site-packages\Crypto\SelfTest\Hash\test_HMAC.pyc --> "\Crypto\SelfTest\Hash\test_HMAC.pyc" ...
	Adding C:\Python27\Lib\site-packages\Crypto\SelfTest\Hash\test_MD2.pyc --> "\Crypto\SelfTest\Hash\test_MD2.pyc" ...
	Adding C:\Python27\Lib\site-packages\Crypto\SelfTest\Hash\test_MD4.pyc --> "\Crypto\SelfTest\Hash\test_MD4.pyc" ...
	Adding C:\Python27\Lib\site-packages\Crypto\SelfTest\Hash\test_MD5.pyc --> "\Crypto\SelfTest\Hash\test_MD5.pyc" ...
	Adding C:\Python27\Lib\site-packages\Crypto\SelfTest\Hash\test_RIPEMD.pyc --> "\Crypto\SelfTest\Hash\test_RIPEMD.pyc" ...
	Adding C:\Python27\Lib\site-packages\Crypto\SelfTest\Hash\test_SHA.pyc --> "\Crypto\SelfTest\Hash\test_SHA.pyc" ...
	Adding C:\Python27\Lib\site-packages\Crypto\SelfTest\Hash\test_SHA224.pyc --> "\Crypto\SelfTest\Hash\test_SHA224.pyc" ...
	Adding C:\Python27\Lib\site-packages\Crypto\SelfTest\Hash\test_SHA256.pyc --> "\Crypto\SelfTest\Hash\test_SHA256.pyc" ...
	Adding C:\Python27\Lib\site-packages\Crypto\SelfTest\Hash\test_SHA384.pyc --> "\Crypto\SelfTest\Hash\test_SHA384.pyc" ...
	Adding C:\Python27\Lib\site-packages\Crypto\SelfTest\Hash\test_SHA512.pyc --> "\Crypto\SelfTest\Hash\test_SHA512.pyc" ...
	Adding C:\Python27\Lib\site-packages\Crypto\SelfTest\Hash\__init__.pyc --> "\Crypto\SelfTest\Hash\__init__.pyc" ...
	Adding C:\Python27\Lib\site-packages\Crypto\SelfTest\Protocol\test_AllOrNothing.pyc --> "\Crypto\SelfTest\Protocol\test_AllOrNothing.pyc" ...
	Adding C:\Python27\Lib\site-packages\Crypto\SelfTest\Protocol\test_chaffing.pyc --> "\Crypto\SelfTest\Protocol\test_chaffing.pyc" ...
	Adding C:\Python27\Lib\site-packages\Crypto\SelfTest\Protocol\test_KDF.pyc --> "\Crypto\SelfTest\Protocol\test_KDF.pyc" ...
	Adding C:\Python27\Lib\site-packages\Crypto\SelfTest\Protocol\test_rfc1751.pyc --> "\Crypto\SelfTest\Protocol\test_rfc1751.pyc" ...
	Adding C:\Python27\Lib\site-packages\Crypto\SelfTest\Protocol\__init__.pyc --> "\Crypto\SelfTest\Protocol\__init__.pyc" ...
	Adding C:\Python27\Lib\site-packages\Crypto\SelfTest\PublicKey\test_DSA.pyc --> "\Crypto\SelfTest\PublicKey\test_DSA.pyc" ...
	Adding C:\Python27\Lib\site-packages\Crypto\SelfTest\PublicKey\test_importKey.pyc --> "\Crypto\SelfTest\PublicKey\test_importKey.pyc" ...
	Adding C:\Python27\Lib\site-packages\Crypto\SelfTest\PublicKey\test_RSA.pyc --> "\Crypto\SelfTest\PublicKey\test_RSA.pyc" ...
	Adding C:\Python27\Lib\site-packages\Crypto\SelfTest\PublicKey\__init__.pyc --> "\Crypto\SelfTest\PublicKey\__init__.pyc" ...
	Adding C:\Python27\Lib\site-packages\Crypto\SelfTest\Random\test_random.pyc --> "\Crypto\SelfTest\Random\test_random.pyc" ...
	Adding C:\Python27\Lib\site-packages\Crypto\SelfTest\Random\test_rpoolcompat.pyc --> "\Crypto\SelfTest\Random\test_rpoolcompat.pyc" ...
	Adding C:\Python27\Lib\site-packages\Crypto\SelfTest\Random\__init__.pyc --> "\Crypto\SelfTest\Random\__init__.pyc" ...
	Adding C:\Python27\Lib\site-packages\Crypto\SelfTest\Random\Fortuna\test_FortunaAccumulator.pyc --> "\Crypto\SelfTest\Random\Fortuna\test_FortunaAccumulator.pyc" ...
	Adding C:\Python27\Lib\site-packages\Crypto\SelfTest\Random\Fortuna\test_FortunaGenerator.pyc --> "\Crypto\SelfTest\Random\Fortuna\test_FortunaGenerator.pyc" ...
	Adding C:\Python27\Lib\site-packages\Crypto\SelfTest\Random\Fortuna\test_SHAd256.pyc --> "\Crypto\SelfTest\Random\Fortuna\test_SHAd256.pyc" ...
	Adding C:\Python27\Lib\site-packages\Crypto\SelfTest\Random\Fortuna\__init__.pyc --> "\Crypto\SelfTest\Random\Fortuna\__init__.pyc" ...
	Adding C:\Python27\Lib\site-packages\Crypto\SelfTest\Random\OSRNG\test_fallback.pyc --> "\Crypto\SelfTest\Random\OSRNG\test_fallback.pyc" ...
	Adding C:\Python27\Lib\site-packages\Crypto\SelfTest\Random\OSRNG\test_generic.pyc --> "\Crypto\SelfTest\Random\OSRNG\test_generic.pyc" ...
	Adding C:\Python27\Lib\site-packages\Crypto\SelfTest\Random\OSRNG\test_nt.pyc --> "\Crypto\SelfTest\Random\OSRNG\test_nt.pyc" ...
	Adding C:\Python27\Lib\site-packages\Crypto\SelfTest\Random\OSRNG\test_posix.pyc --> "\Crypto\SelfTest\Random\OSRNG\test_posix.pyc" ...
	Adding C:\Python27\Lib\site-packages\Crypto\SelfTest\Random\OSRNG\test_winrandom.pyc --> "\Crypto\SelfTest\Random\OSRNG\test_winrandom.pyc" ...
	Adding C:\Python27\Lib\site-packages\Crypto\SelfTest\Random\OSRNG\__init__.pyc --> "\Crypto\SelfTest\Random\OSRNG\__init__.pyc" ...
	Adding C:\Python27\Lib\site-packages\Crypto\SelfTest\Signature\test_pkcs1_15.pyc --> "\Crypto\SelfTest\Signature\test_pkcs1_15.pyc" ...
	Adding C:\Python27\Lib\site-packages\Crypto\SelfTest\Signature\test_pkcs1_pss.pyc --> "\Crypto\SelfTest\Signature\test_pkcs1_pss.pyc" ...
	Adding C:\Python27\Lib\site-packages\Crypto\SelfTest\Signature\__init__.pyc --> "\Crypto\SelfTest\Signature\__init__.pyc" ...
	Adding C:\Python27\Lib\site-packages\Crypto\SelfTest\Util\test_asn1.pyc --> "\Crypto\SelfTest\Util\test_asn1.pyc" ...
	Adding C:\Python27\Lib\site-packages\Crypto\SelfTest\Util\test_Counter.pyc --> "\Crypto\SelfTest\Util\test_Counter.pyc" ...
	Adding C:\Python27\Lib\site-packages\Crypto\SelfTest\Util\test_number.pyc --> "\Crypto\SelfTest\Util\test_number.pyc" ...
	Adding C:\Python27\Lib\site-packages\Crypto\SelfTest\Util\test_winrandom.pyc --> "\Crypto\SelfTest\Util\test_winrandom.pyc" ...
	Adding C:\Python27\Lib\site-packages\Crypto\SelfTest\Util\__init__.pyc --> "\Crypto\SelfTest\Util\__init__.pyc" ...
	Adding C:\Python27\Lib\site-packages\Crypto\Signature\PKCS1_PSS.pyc --> "\Crypto\Signature\PKCS1_PSS.pyc" ...
	Adding C:\Python27\Lib\site-packages\Crypto\Signature\PKCS1_v1_5.pyc --> "\Crypto\Signature\PKCS1_v1_5.pyc" ...
	Adding C:\Python27\Lib\site-packages\Crypto\Signature\__init__.pyc --> "\Crypto\Signature\__init__.pyc" ...
	Adding C:\Python27\Lib\site-packages\Crypto\Util\asn1.pyc --> "\Crypto\Util\asn1.pyc" ...
	Adding C:\Python27\Lib\site-packages\Crypto\Util\Counter.pyc --> "\Crypto\Util\Counter.pyc" ...
	Adding C:\Python27\Lib\site-packages\Crypto\Util\number.pyc --> "\Crypto\Util\number.pyc" ...
	Adding C:\Python27\Lib\site-packages\Crypto\Util\py21compat.pyc --> "\Crypto\Util\py21compat.pyc" ...
	Adding C:\Python27\Lib\site-packages\Crypto\Util\py3compat.pyc --> "\Crypto\Util\py3compat.pyc" ...
	Adding C:\Python27\Lib\site-packages\Crypto\Util\randpool.pyc --> "\Crypto\Util\randpool.pyc" ...
	Adding C:\Python27\Lib\site-packages\Crypto\Util\RFC1751.pyc --> "\Crypto\Util\RFC1751.pyc" ...
	Adding C:\Python27\Lib\site-packages\Crypto\Util\strxor.pyd --> "\Crypto\Util\strxor.pyd" ...
	Adding C:\Python27\Lib\site-packages\Crypto\Util\winrandom.pyc --> "\Crypto\Util\winrandom.pyc" ...
	Adding C:\Python27\Lib\site-packages\Crypto\Util\wrapper.pyc --> "\Crypto\Util\wrapper.pyc" ...
	Adding C:\Python27\Lib\site-packages\Crypto\Util\_counter.pyd --> "\Crypto\Util\_counter.pyd" ...
	Adding C:\Python27\Lib\site-packages\Crypto\Util\_number_new.pyc --> "\Crypto\Util\_number_new.pyc" ...
	Adding C:\Python27\Lib\site-packages\Crypto\Util\__init__.pyc --> "\Crypto\Util\__init__.pyc" ...
Crypto/pct_warnings.pyc
Crypto/__init__.pyc
Crypto/Cipher/AES.pyd
Crypto/Cipher/ARC2.pyd
Crypto/Cipher/ARC4.pyd
Crypto/Cipher/Blowfish.pyd
Crypto/Cipher/CAST.pyd
Crypto/Cipher/DES.pyd
Crypto/Cipher/DES3.pyd
Crypto/Cipher/PKCS1_OAEP.pyc
Crypto/Cipher/PKCS1_v1_5.pyc
Crypto/Cipher/XOR.pyd
Crypto/Cipher/__init__.pyc
Crypto/Hash/HMAC.pyc
Crypto/Hash/MD2.pyc
Crypto/Hash/MD4.pyc
Crypto/Hash/MD5.pyc
Crypto/Hash/RIPEMD.pyc
Crypto/Hash/SHA.pyc
Crypto/Hash/SHA224.pyc
Crypto/Hash/SHA256.pyc
Crypto/Hash/SHA384.pyc
Crypto/Hash/SHA512.pyc
Crypto/Hash/_MD2.pyd
Crypto/Hash/_MD4.pyd
Crypto/Hash/_RIPEMD160.pyd
Crypto/Hash/_SHA224.pyd
Crypto/Hash/_SHA256.pyd
Crypto/Hash/_SHA384.pyd
Crypto/Hash/_SHA512.pyd
Crypto/Hash/__init__.pyc
Crypto/Protocol/AllOrNothing.pyc
Crypto/Protocol/Chaffing.pyc
Crypto/Protocol/KDF.pyc
Crypto/Protocol/__init__.pyc
Crypto/PublicKey/DSA.pyc
Crypto/PublicKey/ElGamal.pyc
Crypto/PublicKey/pubkey.pyc
Crypto/PublicKey/qNEW.pyc
Crypto/PublicKey/RSA.pyc
Crypto/PublicKey/_DSA.pyc
Crypto/PublicKey/_RSA.pyc
Crypto/PublicKey/_slowmath.pyc
Crypto/PublicKey/__init__.pyc
Crypto/Random/random.pyc
Crypto/Random/_UserFriendlyRNG.pyc
Crypto/Random/__init__.pyc
Crypto/Random/Fortuna/FortunaAccumulator.pyc
Crypto/Random/Fortuna/FortunaGenerator.pyc
Crypto/Random/Fortuna/SHAd256.pyc
Crypto/Random/Fortuna/__init__.pyc
Crypto/Random/OSRNG/fallback.pyc
Crypto/Random/OSRNG/nt.pyc
Crypto/Random/OSRNG/posix.pyc
Crypto/Random/OSRNG/rng_base.pyc
Crypto/Random/OSRNG/winrandom.pyd
Crypto/Random/OSRNG/__init__.pyc
Crypto/SelfTest/st_common.pyc
Crypto/SelfTest/__init__.pyc
Crypto/SelfTest/Cipher/common.pyc
Crypto/SelfTest/Cipher/test_AES.pyc
Crypto/SelfTest/Cipher/test_ARC2.pyc
Crypto/SelfTest/Cipher/test_ARC4.pyc
Crypto/SelfTest/Cipher/test_Blowfish.pyc
Crypto/SelfTest/Cipher/test_CAST.pyc
Crypto/SelfTest/Cipher/test_DES.pyc
Crypto/SelfTest/Cipher/test_DES3.pyc
Crypto/SelfTest/Cipher/test_pkcs1_15.pyc
Crypto/SelfTest/Cipher/test_pkcs1_oaep.pyc
Crypto/SelfTest/Cipher/test_XOR.pyc
Crypto/SelfTest/Cipher/__init__.pyc
Crypto/SelfTest/Hash/common.pyc
Crypto/SelfTest/Hash/test_HMAC.pyc
Crypto/SelfTest/Hash/test_MD2.pyc
Crypto/SelfTest/Hash/test_MD4.pyc
Crypto/SelfTest/Hash/test_MD5.pyc
Crypto/SelfTest/Hash/test_RIPEMD.pyc
Crypto/SelfTest/Hash/test_SHA.pyc
Crypto/SelfTest/Hash/test_SHA224.pyc
Crypto/SelfTest/Hash/test_SHA256.pyc
Crypto/SelfTest/Hash/test_SHA384.pyc
Crypto/SelfTest/Hash/test_SHA512.pyc
Crypto/SelfTest/Hash/__init__.pyc
Crypto/SelfTest/Protocol/test_AllOrNothing.pyc
Crypto/SelfTest/Protocol/test_chaffing.pyc
Crypto/SelfTest/Protocol/test_KDF.pyc
Crypto/SelfTest/Protocol/test_rfc1751.pyc
Crypto/SelfTest/Protocol/__init__.pyc
Crypto/SelfTest/PublicKey/test_DSA.pyc
Crypto/SelfTest/PublicKey/test_importKey.pyc
Crypto/SelfTest/PublicKey/test_RSA.pyc
Crypto/SelfTest/PublicKey/__init__.pyc
Crypto/SelfTest/Random/test_random.pyc
Crypto/SelfTest/Random/test_rpoolcompat.pyc
Crypto/SelfTest/Random/__init__.pyc
Crypto/SelfTest/Random/Fortuna/test_FortunaAccumulator.pyc
Crypto/SelfTest/Random/Fortuna/test_FortunaGenerator.pyc
Crypto/SelfTest/Random/Fortuna/test_SHAd256.pyc
Crypto/SelfTest/Random/Fortuna/__init__.pyc
Crypto/SelfTest/Random/OSRNG/test_fallback.pyc
Crypto/SelfTest/Random/OSRNG/test_generic.pyc
Crypto/SelfTest/Random/OSRNG/test_nt.pyc
Crypto/SelfTest/Random/OSRNG/test_posix.pyc
Crypto/SelfTest/Random/OSRNG/test_winrandom.pyc
Crypto/SelfTest/Random/OSRNG/__init__.pyc
Crypto/SelfTest/Signature/test_pkcs1_15.pyc
Crypto/SelfTest/Signature/test_pkcs1_pss.pyc
Crypto/SelfTest/Signature/__init__.pyc
Crypto/SelfTest/Util/test_asn1.pyc
Crypto/SelfTest/Util/test_Counter.pyc
Crypto/SelfTest/Util/test_number.pyc
Crypto/SelfTest/Util/test_winrandom.pyc
Crypto/SelfTest/Util/__init__.pyc
Crypto/Signature/PKCS1_PSS.pyc
Crypto/Signature/PKCS1_v1_5.pyc
Crypto/Signature/__init__.pyc
Crypto/Util/asn1.pyc
Crypto/Util/Counter.pyc
Crypto/Util/number.pyc
Crypto/Util/py21compat.pyc
Crypto/Util/py3compat.pyc
Crypto/Util/randpool.pyc
Crypto/Util/RFC1751.pyc
Crypto/Util/strxor.pyd
Crypto/Util/winrandom.pyc
Crypto/Util/wrapper.pyc
Crypto/Util/_counter.pyd
Crypto/Util/_number_new.pyc
Crypto/Util/__init__.pyc
Done !
END !
